MATLAB is selecting SOFTWARE OPENGL rendering.

                            < M A T L A B (R) >
                  Copyright 1984-2022 The MathWorks, Inc.
                  R2022a (9.12.0.1884302) 64-bit (glnxa64)
                             February 16, 2022

 
To get started, type doc.
For product information, visit www.mathworks.com.
 
>> >> >> >> >> >> >> >> >> >> >> >> length of filelist
Antoine-cleaned-data/
MB09_Dark
/work3/laurose/accusleep/labdata/data/Antoine-cleaned-data/MB09_Dark/EEG*.mat
MB09_Light
/work3/laurose/accusleep/labdata/data/Antoine-cleaned-data/MB09_Light/EEG*.mat
MB12_Dark
/work3/laurose/accusleep/labdata/data/Antoine-cleaned-data/MB12_Dark/EEG*.mat
MB12_Light
/work3/laurose/accusleep/labdata/data/Antoine-cleaned-data/MB12_Light/EEG*.mat
MB13_Dark
/work3/laurose/accusleep/labdata/data/Antoine-cleaned-data/MB13_Dark/EEG*.mat
MB13_Light
/work3/laurose/accusleep/labdata/data/Antoine-cleaned-data/MB13_Light/EEG*.mat
MB16_Dark
/work3/laurose/accusleep/labdata/data/Antoine-cleaned-data/MB16_Dark/EEG*.mat
MB16_Light
/work3/laurose/accusleep/labdata/data/Antoine-cleaned-data/MB16_Light/EEG*.mat
MB18_Dark
/work3/laurose/accusleep/labdata/data/Antoine-cleaned-data/MB18_Dark/EEG*.mat
MB18_Light
/work3/laurose/accusleep/labdata/data/Antoine-cleaned-data/MB18_Light/EEG*.mat
MB19_Dark
/work3/laurose/accusleep/labdata/data/Antoine-cleaned-data/MB19_Dark/EEG*.mat
MB19_Light
/work3/laurose/accusleep/labdata/data/Antoine-cleaned-data/MB19_Light/EEG*.mat
MB20_Dark
/work3/laurose/accusleep/labdata/data/Antoine-cleaned-data/MB20_Dark/EEG*.mat
MB20_Light
/work3/laurose/accusleep/labdata/data/Antoine-cleaned-data/MB20_Light/EEG*.mat
MB21_Dark
/work3/laurose/accusleep/labdata/data/Antoine-cleaned-data/MB21_Dark/EEG*.mat
MB21_Light
/work3/laurose/accusleep/labdata/data/Antoine-cleaned-data/MB21_Light/EEG*.mat
MB22_Dark
/work3/laurose/accusleep/labdata/data/Antoine-cleaned-data/MB22_Dark/EEG*.mat
MB22_Light
/work3/laurose/accusleep/labdata/data/Antoine-cleaned-data/MB22_Light/EEG*.mat
MB23_Dark
/work3/laurose/accusleep/labdata/data/Antoine-cleaned-data/MB23_Dark/EEG*.mat
MB23_Light
/work3/laurose/accusleep/labdata/data/Antoine-cleaned-data/MB23_Light/EEG*.mat
MB24_Dark
/work3/laurose/accusleep/labdata/data/Antoine-cleaned-data/MB24_Dark/EEG*.mat
MB24_Light
/work3/laurose/accusleep/labdata/data/Antoine-cleaned-data/MB24_Light/EEG*.mat
MB25_Dark
/work3/laurose/accusleep/labdata/data/Antoine-cleaned-data/MB25_Dark/EEG*.mat
MB25_Light
/work3/laurose/accusleep/labdata/data/Antoine-cleaned-data/MB25_Light/EEG*.mat
MB27_Dark
/work3/laurose/accusleep/labdata/data/Antoine-cleaned-data/MB27_Dark/EEG*.mat
MB27_Light
/work3/laurose/accusleep/labdata/data/Antoine-cleaned-data/MB27_Light/EEG*.mat
MB33_Dark
/work3/laurose/accusleep/labdata/data/Antoine-cleaned-data/MB33_Dark/EEG*.mat
MB33_Light
/work3/laurose/accusleep/labdata/data/Antoine-cleaned-data/MB33_Light/EEG*.mat
MB34_Dark
/work3/laurose/accusleep/labdata/data/Antoine-cleaned-data/MB34_Dark/EEG*.mat
MB34_Light
/work3/laurose/accusleep/labdata/data/Antoine-cleaned-data/MB34_Light/EEG*.mat
MB35_Dark
/work3/laurose/accusleep/labdata/data/Antoine-cleaned-data/MB35_Dark/EEG*.mat
MB35_Light
/work3/laurose/accusleep/labdata/data/Antoine-cleaned-data/MB35_Light/EEG*.mat
MB36_Dark
/work3/laurose/accusleep/labdata/data/Antoine-cleaned-data/MB36_Dark/EEG*.mat
MB36_Light
/work3/laurose/accusleep/labdata/data/Antoine-cleaned-data/MB36_Light/EEG*.mat
Kornum-cleaned-data_v2/
M16-b2-Louise
/work3/laurose/accusleep/labdata/data/Kornum-cleaned-data_v2/M16-b2-Louise/EEG*.mat
M16-b3-Louise
/work3/laurose/accusleep/labdata/data/Kornum-cleaned-data_v2/M16-b3-Louise/EEG*.mat
M18-b2-Louise
/work3/laurose/accusleep/labdata/data/Kornum-cleaned-data_v2/M18-b2-Louise/EEG*.mat
M18-b3-Louise
/work3/laurose/accusleep/labdata/data/Kornum-cleaned-data_v2/M18-b3-Louise/EEG*.mat
M20-b3-Louise
/work3/laurose/accusleep/labdata/data/Kornum-cleaned-data_v2/M20-b3-Louise/EEG*.mat
M23-b1-ALEXANDRA
/work3/laurose/accusleep/labdata/data/Kornum-cleaned-data_v2/M23-b1-ALEXANDRA/EEG*.mat
M23-b2-ALEXANDRA
/work3/laurose/accusleep/labdata/data/Kornum-cleaned-data_v2/M23-b2-ALEXANDRA/EEG*.mat
M23-b3-ALEXANDRA
/work3/laurose/accusleep/labdata/data/Kornum-cleaned-data_v2/M23-b3-ALEXANDRA/EEG*.mat
M29-b1-ALEXANDRA
/work3/laurose/accusleep/labdata/data/Kornum-cleaned-data_v2/M29-b1-ALEXANDRA/EEG*.mat
M29-b2-ALEXANDRA
/work3/laurose/accusleep/labdata/data/Kornum-cleaned-data_v2/M29-b2-ALEXANDRA/EEG*.mat
M29-b3-ALEXANDRA
/work3/laurose/accusleep/labdata/data/Kornum-cleaned-data_v2/M29-b3-ALEXANDRA/EEG*.mat
M309-b1-Louise
/work3/laurose/accusleep/labdata/data/Kornum-cleaned-data_v2/M309-b1-Louise/EEG*.mat
M313-b1-Louise
/work3/laurose/accusleep/labdata/data/Kornum-cleaned-data_v2/M313-b1-Louise/EEG*.mat
M48-b1-ALEXANDRA
/work3/laurose/accusleep/labdata/data/Kornum-cleaned-data_v2/M48-b1-ALEXANDRA/EEG*.mat
M48-b2-ALEXANDRA
/work3/laurose/accusleep/labdata/data/Kornum-cleaned-data_v2/M48-b2-ALEXANDRA/EEG*.mat
M48-b3-ALEXANDRA
/work3/laurose/accusleep/labdata/data/Kornum-cleaned-data_v2/M48-b3-ALEXANDRA/EEG*.mat
M52-b1-ALEXANDRA
/work3/laurose/accusleep/labdata/data/Kornum-cleaned-data_v2/M52-b1-ALEXANDRA/EEG*.mat
M52-b2-ALEXANDRA
/work3/laurose/accusleep/labdata/data/Kornum-cleaned-data_v2/M52-b2-ALEXANDRA/EEG*.mat
M52-b3-ALEXANDRA
/work3/laurose/accusleep/labdata/data/Kornum-cleaned-data_v2/M52-b3-ALEXANDRA/EEG*.mat
M58-b1-ALEXANDRA
/work3/laurose/accusleep/labdata/data/Kornum-cleaned-data_v2/M58-b1-ALEXANDRA/EEG*.mat
M58-b2-ALEXANDRA
/work3/laurose/accusleep/labdata/data/Kornum-cleaned-data_v2/M58-b2-ALEXANDRA/EEG*.mat
M58-b3-ALEXANDRA
/work3/laurose/accusleep/labdata/data/Kornum-cleaned-data_v2/M58-b3-ALEXANDRA/EEG*.mat
m1-b1-CH
/work3/laurose/accusleep/labdata/data/Kornum-cleaned-data_v2/m1-b1-CH/EEG*.mat
m11-b1-CH
/work3/laurose/accusleep/labdata/data/Kornum-cleaned-data_v2/m11-b1-CH/EEG*.mat
m12-b1-CH
/work3/laurose/accusleep/labdata/data/Kornum-cleaned-data_v2/m12-b1-CH/EEG*.mat
m121-b1-Maria
/work3/laurose/accusleep/labdata/data/Kornum-cleaned-data_v2/m121-b1-Maria/EEG*.mat
m121-b2-Maria
/work3/laurose/accusleep/labdata/data/Kornum-cleaned-data_v2/m121-b2-Maria/EEG*.mat
m13-b1-CH
/work3/laurose/accusleep/labdata/data/Kornum-cleaned-data_v2/m13-b1-CH/EEG*.mat
m14-b1-CH
/work3/laurose/accusleep/labdata/data/Kornum-cleaned-data_v2/m14-b1-CH/EEG*.mat
m14-r3-CH
/work3/laurose/accusleep/labdata/data/Kornum-cleaned-data_v2/m14-r3-CH/EEG*.mat
m15-b1-CH
/work3/laurose/accusleep/labdata/data/Kornum-cleaned-data_v2/m15-b1-CH/EEG*.mat
m15-r3-CH
/work3/laurose/accusleep/labdata/data/Kornum-cleaned-data_v2/m15-r3-CH/EEG*.mat
m2-b1-CH
/work3/laurose/accusleep/labdata/data/Kornum-cleaned-data_v2/m2-b1-CH/EEG*.mat
m2-b1-Marieke
/work3/laurose/accusleep/labdata/data/Kornum-cleaned-data_v2/m2-b1-Marieke/EEG*.mat
m21-b1-Marieke
/work3/laurose/accusleep/labdata/data/Kornum-cleaned-data_v2/m21-b1-Marieke/EEG*.mat
m3-b1-CH
/work3/laurose/accusleep/labdata/data/Kornum-cleaned-data_v2/m3-b1-CH/EEG*.mat
m4-b1-CH
/work3/laurose/accusleep/labdata/data/Kornum-cleaned-data_v2/m4-b1-CH/EEG*.mat
m5-b1-CH
/work3/laurose/accusleep/labdata/data/Kornum-cleaned-data_v2/m5-b1-CH/EEG*.mat
m6-b1-CH
/work3/laurose/accusleep/labdata/data/Kornum-cleaned-data_v2/m6-b1-CH/EEG*.mat
m6-r3-CH
/work3/laurose/accusleep/labdata/data/Kornum-cleaned-data_v2/m6-r3-CH/EEG*.mat
m61-b1-Maria
/work3/laurose/accusleep/labdata/data/Kornum-cleaned-data_v2/m61-b1-Maria/EEG*.mat
m61-b2-Maria
/work3/laurose/accusleep/labdata/data/Kornum-cleaned-data_v2/m61-b2-Maria/EEG*.mat
m63-b1-Maria
/work3/laurose/accusleep/labdata/data/Kornum-cleaned-data_v2/m63-b1-Maria/EEG*.mat
m63-b2-Maria
/work3/laurose/accusleep/labdata/data/Kornum-cleaned-data_v2/m63-b2-Maria/EEG*.mat
m7-b1-CH
/work3/laurose/accusleep/labdata/data/Kornum-cleaned-data_v2/m7-b1-CH/EEG*.mat
m8-b1-CH
/work3/laurose/accusleep/labdata/data/Kornum-cleaned-data_v2/m8-b1-CH/EEG*.mat
m8-r3-CH
/work3/laurose/accusleep/labdata/data/Kornum-cleaned-data_v2/m8-r3-CH/EEG*.mat
m86-b1-Maria
/work3/laurose/accusleep/labdata/data/Kornum-cleaned-data_v2/m86-b1-Maria/EEG*.mat
m86-b2-Maria
/work3/laurose/accusleep/labdata/data/Kornum-cleaned-data_v2/m86-b2-Maria/EEG*.mat
m88-b1-Maria
/work3/laurose/accusleep/labdata/data/Kornum-cleaned-data_v2/m88-b1-Maria/EEG*.mat
m88-b2-Maria
/work3/laurose/accusleep/labdata/data/Kornum-cleaned-data_v2/m88-b2-Maria/EEG*.mat
m94-b1-Maria
/work3/laurose/accusleep/labdata/data/Kornum-cleaned-data_v2/m94-b1-Maria/EEG*.mat
m94-b2-Maria
/work3/laurose/accusleep/labdata/data/Kornum-cleaned-data_v2/m94-b2-Maria/EEG*.mat
m96-b1-Maria
/work3/laurose/accusleep/labdata/data/Kornum-cleaned-data_v2/m96-b1-Maria/EEG*.mat
m96-b2-Maria
/work3/laurose/accusleep/labdata/data/Kornum-cleaned-data_v2/m96-b2-Maria/EEG*.mat
Maiken-cleaned-data/
Anastacia_1_NEGlu_2022-04-25_18-51-50-533
/work3/laurose/accusleep/labdata/data/Maiken-cleaned-data/Anastacia_1_NEGlu_2022-04-25_18-51-50-533/EEG*.mat
Anastacia_20220426_5_NEGlu_2022-04-26_18-41-43-758
/work3/laurose/accusleep/labdata/data/Maiken-cleaned-data/Anastacia_20220426_5_NEGlu_2022-04-26_18-41-43-758/EEG*.mat
Anastacia_20220428_15_NEGlu_2022-04-28_18-58-05-871
/work3/laurose/accusleep/labdata/data/Maiken-cleaned-data/Anastacia_20220428_15_NEGlu_2022-04-28_18-58-05-871/EEG*.mat
Anastacia_20220601_GABANE_3_2022-06-01_19-03-16-213
/work3/laurose/accusleep/labdata/data/Maiken-cleaned-data/Anastacia_20220601_GABANE_3_2022-06-01_19-03-16-213/EEG*.mat
Anastacia_20220602_NEGABA_7_2022-06-02_19-25-14-792
/work3/laurose/accusleep/labdata/data/Maiken-cleaned-data/Anastacia_20220602_NEGABA_7_2022-06-02_19-25-14-792/EEG*.mat
Anastacia_20220602_NEGABA_9_2022-06-02_19-25-14-792
/work3/laurose/accusleep/labdata/data/Maiken-cleaned-data/Anastacia_20220602_NEGABA_9_2022-06-02_19-25-14-792/EEG*.mat
Anastacia_3_NEGlu_2022-04-25_18-51-50-533
/work3/laurose/accusleep/labdata/data/Maiken-cleaned-data/Anastacia_3_NEGlu_2022-04-25_18-51-50-533/EEG*.mat
Frikke_1_NE1_baseline2_2022-01-12_14-25-48-744
/work3/laurose/accusleep/labdata/data/Maiken-cleaned-data/Frikke_1_NE1_baseline2_2022-01-12_14-25-48-744/EEG*.mat
Frikke_1_NE1_baseline2_2022-01-12_14-57-44-896
/work3/laurose/accusleep/labdata/data/Maiken-cleaned-data/Frikke_1_NE1_baseline2_2022-01-12_14-57-44-896/EEG*.mat
Frikke_1_NE2_baseline2_2022-01-12_17-58-52-546
/work3/laurose/accusleep/labdata/data/Maiken-cleaned-data/Frikke_1_NE2_baseline2_2022-01-12_17-58-52-546/EEG*.mat
Frikke_1_NE2_baseline2_2022-01-12_18-29-51-468
/work3/laurose/accusleep/labdata/data/Maiken-cleaned-data/Frikke_1_NE2_baseline2_2022-01-12_18-29-51-468/EEG*.mat
Frikke_1_NE4_baseline_2022-03-18_10-19-36-906
/work3/laurose/accusleep/labdata/data/Maiken-cleaned-data/Frikke_1_NE4_baseline_2022-03-18_10-19-36-906/EEG*.mat
Frikke_1_NE4_baseline_2022-03-18_11-05-23-001
/work3/laurose/accusleep/labdata/data/Maiken-cleaned-data/Frikke_1_NE4_baseline_2022-03-18_11-05-23-001/EEG*.mat
Frikke_1_NE4_baseline_2022-03-18_11-47-52-022
/work3/laurose/accusleep/labdata/data/Maiken-cleaned-data/Frikke_1_NE4_baseline_2022-03-18_11-47-52-022/EEG*.mat
Frikke_1_NE4_baseline_2022-03-18_12-34-25-861
/work3/laurose/accusleep/labdata/data/Maiken-cleaned-data/Frikke_1_NE4_baseline_2022-03-18_12-34-25-861/EEG*.mat
Frikke_1_NE5_baseline_2022-03-18_18-45-28-240
/work3/laurose/accusleep/labdata/data/Maiken-cleaned-data/Frikke_1_NE5_baseline_2022-03-18_18-45-28-240/EEG*.mat
Mie_237_1s_EEG_FP_237_2020-01-16_13-48-05-051
/work3/laurose/accusleep/labdata/data/Maiken-cleaned-data/Mie_237_1s_EEG_FP_237_2020-01-16_13-48-05-051/EEG*.mat
Mie_241_1s_241_tripleFP_2020-01-21_10-41-23-366
/work3/laurose/accusleep/labdata/data/Maiken-cleaned-data/Mie_241_1s_241_tripleFP_2020-01-21_10-41-23-366/EEG*.mat
Mie_243_1s_243_tripleFP_2020-01-23_09-26-17-292
/work3/laurose/accusleep/labdata/data/Maiken-cleaned-data/Mie_243_1s_243_tripleFP_2020-01-23_09-26-17-292/EEG*.mat
Mie_307_1s_EEG_FP_307_LC_NE_As_2020-06-26_10-50-30-759
/work3/laurose/accusleep/labdata/data/Maiken-cleaned-data/Mie_307_1s_EEG_FP_307_LC_NE_As_2020-06-26_10-50-30-759/EEG*.mat
Mie_319_1s_EEG_FP_319_LC_NE_As_2020-06-22_12-20-58-132
/work3/laurose/accusleep/labdata/data/Maiken-cleaned-data/Mie_319_1s_EEG_FP_319_LC_NE_As_2020-06-22_12-20-58-132/EEG*.mat
Mie_323_1s_EEG_FP_323_LC_NE_As_2020-06-25_10-19-40-902
/work3/laurose/accusleep/labdata/data/Maiken-cleaned-data/Mie_323_1s_EEG_FP_323_LC_NE_As_2020-06-25_10-19-40-902/EEG*.mat
Mie_329_1s_EEG_FP_329_LC_NE_As_2020-06-24_12-10-50-528
/work3/laurose/accusleep/labdata/data/Maiken-cleaned-data/Mie_329_1s_EEG_FP_329_LC_NE_As_2020-06-24_12-10-50-528/EEG*.mat
Mie_331_1s_EEG_FP_331_LC_NE_As_2020-06-24_09-33-10-486
/work3/laurose/accusleep/labdata/data/Maiken-cleaned-data/Mie_331_1s_EEG_FP_331_LC_NE_As_2020-06-24_09-33-10-486/EEG*.mat
Tessa_1_20220228_007_EEG_EMG_take2_2022-02-28_14-45-39-008
/work3/laurose/accusleep/labdata/data/Maiken-cleaned-data/Tessa_1_20220228_007_EEG_EMG_take2_2022-02-28_14-45-39-008/EEG*.mat
Tessa_1_20220301_001_2022-03-01_09-32-35-944
/work3/laurose/accusleep/labdata/data/Maiken-cleaned-data/Tessa_1_20220301_001_2022-03-01_09-32-35-944/EEG*.mat
Tessa_1_20220301_001_box3_2022-03-01_14-31-51-637
/work3/laurose/accusleep/labdata/data/Maiken-cleaned-data/Tessa_1_20220301_001_box3_2022-03-01_14-31-51-637/EEG*.mat
Tessa_1_20220302_005_2022-03-02_09-17-13-108
/work3/laurose/accusleep/labdata/data/Maiken-cleaned-data/Tessa_1_20220302_005_2022-03-02_09-17-13-108/EEG*.mat
Tessa_1_20220706_5HT_007_2022-07-06_13-42-17-994
/work3/laurose/accusleep/labdata/data/Maiken-cleaned-data/Tessa_1_20220706_5HT_007_2022-07-06_13-42-17-994/EEG*.mat
Tessa_1_20220707_5HT_009_final_take_2022-07-08_13-13-29-852
/work3/laurose/accusleep/labdata/data/Maiken-cleaned-data/Tessa_1_20220707_5HT_009_final_take_2022-07-08_13-13-29-852/EEG*.mat
Tessa_1_20220712_His_019_2022-07-12_09-36-16-398
/work3/laurose/accusleep/labdata/data/Maiken-cleaned-data/Tessa_1_20220712_His_019_2022-07-12_09-36-16-398/EEG*.mat
Tessa_1_20220714_His_025_2022-07-14_13-08-20-709
/work3/laurose/accusleep/labdata/data/Maiken-cleaned-data/Tessa_1_20220714_His_025_2022-07-14_13-08-20-709/EEG*.mat
Tessa_2_20220704_5HT_001_2022-07-04_09-49-50-767
/work3/laurose/accusleep/labdata/data/Maiken-cleaned-data/Tessa_2_20220704_5HT_001_2022-07-04_09-49-50-767/EEG*.mat
Sebastian-cleaned-data/
(1)_ST1_2015-09-19_08-00-00-151
/work3/laurose/accusleep/labdata/data/Sebastian-cleaned-data/(1)_ST1_2015-09-19_08-00-00-151/EEG*.mat
(10)_NeuroMel1_2020-12-13_19-00-00-131
/work3/laurose/accusleep/labdata/data/Sebastian-cleaned-data/(10)_NeuroMel1_2020-12-13_19-00-00-131/EEG*.mat
(11)_NeuroMel13_2021-05-09_07-00-00-094
/work3/laurose/accusleep/labdata/data/Sebastian-cleaned-data/(11)_NeuroMel13_2021-05-09_07-00-00-094/EEG*.mat
(12)_NeuroMel13_2021-05-09_19-00-00-085
/work3/laurose/accusleep/labdata/data/Sebastian-cleaned-data/(12)_NeuroMel13_2021-05-09_19-00-00-085/EEG*.mat
(13)_NeuroMel14_2019-12-08_07-00-00-071
/work3/laurose/accusleep/labdata/data/Sebastian-cleaned-data/(13)_NeuroMel14_2019-12-08_07-00-00-071/EEG*.mat
(14)_NeuroMel14_2019-12-08_19-00-00-131
/work3/laurose/accusleep/labdata/data/Sebastian-cleaned-data/(14)_NeuroMel14_2019-12-08_19-00-00-131/EEG*.mat
(15)_NeuroMel14_2020-10-24_07-00-00-153
/work3/laurose/accusleep/labdata/data/Sebastian-cleaned-data/(15)_NeuroMel14_2020-10-24_07-00-00-153/EEG*.mat
(16)_NeuroMel14_2020-10-24_19-00-00-563
/work3/laurose/accusleep/labdata/data/Sebastian-cleaned-data/(16)_NeuroMel14_2020-10-24_19-00-00-563/EEG*.mat
(17)_NeuroMel14_2021-05-16_07-00-00-100
/work3/laurose/accusleep/labdata/data/Sebastian-cleaned-data/(17)_NeuroMel14_2021-05-16_07-00-00-100/EEG*.mat
(18)_NeuroMel14_2021-05-16_19-00-00-105
/work3/laurose/accusleep/labdata/data/Sebastian-cleaned-data/(18)_NeuroMel14_2021-05-16_19-00-00-105/EEG*.mat
(2)_ST1_2015-09-19_20-00-00-088
/work3/laurose/accusleep/labdata/data/Sebastian-cleaned-data/(2)_ST1_2015-09-19_20-00-00-088/EEG*.mat
(3)_ST4_2015-11-22_08-00-00-027
/work3/laurose/accusleep/labdata/data/Sebastian-cleaned-data/(3)_ST4_2015-11-22_08-00-00-027/EEG*.mat
(4)_ST4_2015-11-22_20-00-00-455
/work3/laurose/accusleep/labdata/data/Sebastian-cleaned-data/(4)_ST4_2015-11-22_20-00-00-455/EEG*.mat
(5)_ST13_2016-03-31_08-00-00-150
/work3/laurose/accusleep/labdata/data/Sebastian-cleaned-data/(5)_ST13_2016-03-31_08-00-00-150/EEG*.mat
(6)_ST13_2016-03-31_20-00-00-294
/work3/laurose/accusleep/labdata/data/Sebastian-cleaned-data/(6)_ST13_2016-03-31_20-00-00-294/EEG*.mat
(7)_NeuroMel1_2019-11-17_07-00-00-618
/work3/laurose/accusleep/labdata/data/Sebastian-cleaned-data/(7)_NeuroMel1_2019-11-17_07-00-00-618/EEG*.mat
(8)_NeuroMel1_2019-11-17_19-00-00-027
/work3/laurose/accusleep/labdata/data/Sebastian-cleaned-data/(8)_NeuroMel1_2019-11-17_19-00-00-027/EEG*.mat
(9)_NeuroMel1_2020-12-13_07-00-00-082
/work3/laurose/accusleep/labdata/data/Sebastian-cleaned-data/(9)_NeuroMel1_2020-12-13_07-00-00-082/EEG*.mat
length of filelist
Alessandro-cleaned-data/
W105 3
/work3/laurose/accusleep/labdata/data/Alessandro-cleaned-data/W105 3/EEG*.mat
W106 2
/work3/laurose/accusleep/labdata/data/Alessandro-cleaned-data/W106 2/EEG*.mat
W107 2
/work3/laurose/accusleep/labdata/data/Alessandro-cleaned-data/W107 2/EEG*.mat
W109 2
/work3/laurose/accusleep/labdata/data/Alessandro-cleaned-data/W109 2/EEG*.mat
W111 2
/work3/laurose/accusleep/labdata/data/Alessandro-cleaned-data/W111 2/EEG*.mat
W112 3
/work3/laurose/accusleep/labdata/data/Alessandro-cleaned-data/W112 3/EEG*.mat
W116 2
/work3/laurose/accusleep/labdata/data/Alessandro-cleaned-data/W116 2/EEG*.mat
W122 2
/work3/laurose/accusleep/labdata/data/Alessandro-cleaned-data/W122 2/EEG*.mat
W123 2
/work3/laurose/accusleep/labdata/data/Alessandro-cleaned-data/W123 2/EEG*.mat
W124 2
/work3/laurose/accusleep/labdata/data/Alessandro-cleaned-data/W124 2/EEG*.mat
Kornum-cleaned-data_v2/
M16-b2-Louise
/work3/laurose/accusleep/labdata/data/Kornum-cleaned-data_v2/M16-b2-Louise/EEG*.mat
M16-b3-Louise
/work3/laurose/accusleep/labdata/data/Kornum-cleaned-data_v2/M16-b3-Louise/EEG*.mat
M18-b2-Louise
/work3/laurose/accusleep/labdata/data/Kornum-cleaned-data_v2/M18-b2-Louise/EEG*.mat
M18-b3-Louise
/work3/laurose/accusleep/labdata/data/Kornum-cleaned-data_v2/M18-b3-Louise/EEG*.mat
M20-b3-Louise
/work3/laurose/accusleep/labdata/data/Kornum-cleaned-data_v2/M20-b3-Louise/EEG*.mat
M23-b1-ALEXANDRA
/work3/laurose/accusleep/labdata/data/Kornum-cleaned-data_v2/M23-b1-ALEXANDRA/EEG*.mat
M23-b2-ALEXANDRA
/work3/laurose/accusleep/labdata/data/Kornum-cleaned-data_v2/M23-b2-ALEXANDRA/EEG*.mat
M23-b3-ALEXANDRA
/work3/laurose/accusleep/labdata/data/Kornum-cleaned-data_v2/M23-b3-ALEXANDRA/EEG*.mat
M29-b1-ALEXANDRA
/work3/laurose/accusleep/labdata/data/Kornum-cleaned-data_v2/M29-b1-ALEXANDRA/EEG*.mat
M29-b2-ALEXANDRA
/work3/laurose/accusleep/labdata/data/Kornum-cleaned-data_v2/M29-b2-ALEXANDRA/EEG*.mat
M29-b3-ALEXANDRA
/work3/laurose/accusleep/labdata/data/Kornum-cleaned-data_v2/M29-b3-ALEXANDRA/EEG*.mat
M309-b1-Louise
/work3/laurose/accusleep/labdata/data/Kornum-cleaned-data_v2/M309-b1-Louise/EEG*.mat
M313-b1-Louise
/work3/laurose/accusleep/labdata/data/Kornum-cleaned-data_v2/M313-b1-Louise/EEG*.mat
M48-b1-ALEXANDRA
/work3/laurose/accusleep/labdata/data/Kornum-cleaned-data_v2/M48-b1-ALEXANDRA/EEG*.mat
M48-b2-ALEXANDRA
/work3/laurose/accusleep/labdata/data/Kornum-cleaned-data_v2/M48-b2-ALEXANDRA/EEG*.mat
M48-b3-ALEXANDRA
/work3/laurose/accusleep/labdata/data/Kornum-cleaned-data_v2/M48-b3-ALEXANDRA/EEG*.mat
M52-b1-ALEXANDRA
/work3/laurose/accusleep/labdata/data/Kornum-cleaned-data_v2/M52-b1-ALEXANDRA/EEG*.mat
M52-b2-ALEXANDRA
/work3/laurose/accusleep/labdata/data/Kornum-cleaned-data_v2/M52-b2-ALEXANDRA/EEG*.mat
M52-b3-ALEXANDRA
/work3/laurose/accusleep/labdata/data/Kornum-cleaned-data_v2/M52-b3-ALEXANDRA/EEG*.mat
M58-b1-ALEXANDRA
/work3/laurose/accusleep/labdata/data/Kornum-cleaned-data_v2/M58-b1-ALEXANDRA/EEG*.mat
M58-b2-ALEXANDRA
/work3/laurose/accusleep/labdata/data/Kornum-cleaned-data_v2/M58-b2-ALEXANDRA/EEG*.mat
M58-b3-ALEXANDRA
/work3/laurose/accusleep/labdata/data/Kornum-cleaned-data_v2/M58-b3-ALEXANDRA/EEG*.mat
m1-b1-CH
/work3/laurose/accusleep/labdata/data/Kornum-cleaned-data_v2/m1-b1-CH/EEG*.mat
m11-b1-CH
/work3/laurose/accusleep/labdata/data/Kornum-cleaned-data_v2/m11-b1-CH/EEG*.mat
m12-b1-CH
/work3/laurose/accusleep/labdata/data/Kornum-cleaned-data_v2/m12-b1-CH/EEG*.mat
m121-b1-Maria
/work3/laurose/accusleep/labdata/data/Kornum-cleaned-data_v2/m121-b1-Maria/EEG*.mat
m121-b2-Maria
/work3/laurose/accusleep/labdata/data/Kornum-cleaned-data_v2/m121-b2-Maria/EEG*.mat
m13-b1-CH
/work3/laurose/accusleep/labdata/data/Kornum-cleaned-data_v2/m13-b1-CH/EEG*.mat
m14-b1-CH
/work3/laurose/accusleep/labdata/data/Kornum-cleaned-data_v2/m14-b1-CH/EEG*.mat
m14-r3-CH
/work3/laurose/accusleep/labdata/data/Kornum-cleaned-data_v2/m14-r3-CH/EEG*.mat
m15-b1-CH
/work3/laurose/accusleep/labdata/data/Kornum-cleaned-data_v2/m15-b1-CH/EEG*.mat
m15-r3-CH
/work3/laurose/accusleep/labdata/data/Kornum-cleaned-data_v2/m15-r3-CH/EEG*.mat
m2-b1-CH
/work3/laurose/accusleep/labdata/data/Kornum-cleaned-data_v2/m2-b1-CH/EEG*.mat
m2-b1-Marieke
/work3/laurose/accusleep/labdata/data/Kornum-cleaned-data_v2/m2-b1-Marieke/EEG*.mat
m21-b1-Marieke
/work3/laurose/accusleep/labdata/data/Kornum-cleaned-data_v2/m21-b1-Marieke/EEG*.mat
m3-b1-CH
/work3/laurose/accusleep/labdata/data/Kornum-cleaned-data_v2/m3-b1-CH/EEG*.mat
m4-b1-CH
/work3/laurose/accusleep/labdata/data/Kornum-cleaned-data_v2/m4-b1-CH/EEG*.mat
m5-b1-CH
/work3/laurose/accusleep/labdata/data/Kornum-cleaned-data_v2/m5-b1-CH/EEG*.mat
m6-b1-CH
/work3/laurose/accusleep/labdata/data/Kornum-cleaned-data_v2/m6-b1-CH/EEG*.mat
m6-r3-CH
/work3/laurose/accusleep/labdata/data/Kornum-cleaned-data_v2/m6-r3-CH/EEG*.mat
m61-b1-Maria
/work3/laurose/accusleep/labdata/data/Kornum-cleaned-data_v2/m61-b1-Maria/EEG*.mat
m61-b2-Maria
/work3/laurose/accusleep/labdata/data/Kornum-cleaned-data_v2/m61-b2-Maria/EEG*.mat
m63-b1-Maria
/work3/laurose/accusleep/labdata/data/Kornum-cleaned-data_v2/m63-b1-Maria/EEG*.mat
m63-b2-Maria
/work3/laurose/accusleep/labdata/data/Kornum-cleaned-data_v2/m63-b2-Maria/EEG*.mat
m7-b1-CH
/work3/laurose/accusleep/labdata/data/Kornum-cleaned-data_v2/m7-b1-CH/EEG*.mat
m8-b1-CH
/work3/laurose/accusleep/labdata/data/Kornum-cleaned-data_v2/m8-b1-CH/EEG*.mat
m8-r3-CH
/work3/laurose/accusleep/labdata/data/Kornum-cleaned-data_v2/m8-r3-CH/EEG*.mat
m86-b1-Maria
/work3/laurose/accusleep/labdata/data/Kornum-cleaned-data_v2/m86-b1-Maria/EEG*.mat
m86-b2-Maria
/work3/laurose/accusleep/labdata/data/Kornum-cleaned-data_v2/m86-b2-Maria/EEG*.mat
m88-b1-Maria
/work3/laurose/accusleep/labdata/data/Kornum-cleaned-data_v2/m88-b1-Maria/EEG*.mat
m88-b2-Maria
/work3/laurose/accusleep/labdata/data/Kornum-cleaned-data_v2/m88-b2-Maria/EEG*.mat
m94-b1-Maria
/work3/laurose/accusleep/labdata/data/Kornum-cleaned-data_v2/m94-b1-Maria/EEG*.mat
m94-b2-Maria
/work3/laurose/accusleep/labdata/data/Kornum-cleaned-data_v2/m94-b2-Maria/EEG*.mat
m96-b1-Maria
/work3/laurose/accusleep/labdata/data/Kornum-cleaned-data_v2/m96-b1-Maria/EEG*.mat
m96-b2-Maria
/work3/laurose/accusleep/labdata/data/Kornum-cleaned-data_v2/m96-b2-Maria/EEG*.mat
Maiken-cleaned-data/
Anastacia_1_NEGlu_2022-04-25_18-51-50-533
/work3/laurose/accusleep/labdata/data/Maiken-cleaned-data/Anastacia_1_NEGlu_2022-04-25_18-51-50-533/EEG*.mat
Anastacia_20220426_5_NEGlu_2022-04-26_18-41-43-758
/work3/laurose/accusleep/labdata/data/Maiken-cleaned-data/Anastacia_20220426_5_NEGlu_2022-04-26_18-41-43-758/EEG*.mat
Anastacia_20220428_15_NEGlu_2022-04-28_18-58-05-871
/work3/laurose/accusleep/labdata/data/Maiken-cleaned-data/Anastacia_20220428_15_NEGlu_2022-04-28_18-58-05-871/EEG*.mat
Anastacia_20220601_GABANE_3_2022-06-01_19-03-16-213
/work3/laurose/accusleep/labdata/data/Maiken-cleaned-data/Anastacia_20220601_GABANE_3_2022-06-01_19-03-16-213/EEG*.mat
Anastacia_20220602_NEGABA_7_2022-06-02_19-25-14-792
/work3/laurose/accusleep/labdata/data/Maiken-cleaned-data/Anastacia_20220602_NEGABA_7_2022-06-02_19-25-14-792/EEG*.mat
Anastacia_20220602_NEGABA_9_2022-06-02_19-25-14-792
/work3/laurose/accusleep/labdata/data/Maiken-cleaned-data/Anastacia_20220602_NEGABA_9_2022-06-02_19-25-14-792/EEG*.mat
Anastacia_3_NEGlu_2022-04-25_18-51-50-533
/work3/laurose/accusleep/labdata/data/Maiken-cleaned-data/Anastacia_3_NEGlu_2022-04-25_18-51-50-533/EEG*.mat
Frikke_1_NE1_baseline2_2022-01-12_14-25-48-744
/work3/laurose/accusleep/labdata/data/Maiken-cleaned-data/Frikke_1_NE1_baseline2_2022-01-12_14-25-48-744/EEG*.mat
Frikke_1_NE1_baseline2_2022-01-12_14-57-44-896
/work3/laurose/accusleep/labdata/data/Maiken-cleaned-data/Frikke_1_NE1_baseline2_2022-01-12_14-57-44-896/EEG*.mat
Frikke_1_NE2_baseline2_2022-01-12_17-58-52-546
/work3/laurose/accusleep/labdata/data/Maiken-cleaned-data/Frikke_1_NE2_baseline2_2022-01-12_17-58-52-546/EEG*.mat
Frikke_1_NE2_baseline2_2022-01-12_18-29-51-468
/work3/laurose/accusleep/labdata/data/Maiken-cleaned-data/Frikke_1_NE2_baseline2_2022-01-12_18-29-51-468/EEG*.mat
Frikke_1_NE4_baseline_2022-03-18_10-19-36-906
/work3/laurose/accusleep/labdata/data/Maiken-cleaned-data/Frikke_1_NE4_baseline_2022-03-18_10-19-36-906/EEG*.mat
Frikke_1_NE4_baseline_2022-03-18_11-05-23-001
/work3/laurose/accusleep/labdata/data/Maiken-cleaned-data/Frikke_1_NE4_baseline_2022-03-18_11-05-23-001/EEG*.mat
Frikke_1_NE4_baseline_2022-03-18_11-47-52-022
/work3/laurose/accusleep/labdata/data/Maiken-cleaned-data/Frikke_1_NE4_baseline_2022-03-18_11-47-52-022/EEG*.mat
Frikke_1_NE4_baseline_2022-03-18_12-34-25-861
/work3/laurose/accusleep/labdata/data/Maiken-cleaned-data/Frikke_1_NE4_baseline_2022-03-18_12-34-25-861/EEG*.mat
Frikke_1_NE5_baseline_2022-03-18_18-45-28-240
/work3/laurose/accusleep/labdata/data/Maiken-cleaned-data/Frikke_1_NE5_baseline_2022-03-18_18-45-28-240/EEG*.mat
Mie_237_1s_EEG_FP_237_2020-01-16_13-48-05-051
/work3/laurose/accusleep/labdata/data/Maiken-cleaned-data/Mie_237_1s_EEG_FP_237_2020-01-16_13-48-05-051/EEG*.mat
Mie_241_1s_241_tripleFP_2020-01-21_10-41-23-366
/work3/laurose/accusleep/labdata/data/Maiken-cleaned-data/Mie_241_1s_241_tripleFP_2020-01-21_10-41-23-366/EEG*.mat
Mie_243_1s_243_tripleFP_2020-01-23_09-26-17-292
/work3/laurose/accusleep/labdata/data/Maiken-cleaned-data/Mie_243_1s_243_tripleFP_2020-01-23_09-26-17-292/EEG*.mat
Mie_307_1s_EEG_FP_307_LC_NE_As_2020-06-26_10-50-30-759
/work3/laurose/accusleep/labdata/data/Maiken-cleaned-data/Mie_307_1s_EEG_FP_307_LC_NE_As_2020-06-26_10-50-30-759/EEG*.mat
Mie_319_1s_EEG_FP_319_LC_NE_As_2020-06-22_12-20-58-132
/work3/laurose/accusleep/labdata/data/Maiken-cleaned-data/Mie_319_1s_EEG_FP_319_LC_NE_As_2020-06-22_12-20-58-132/EEG*.mat
Mie_323_1s_EEG_FP_323_LC_NE_As_2020-06-25_10-19-40-902
/work3/laurose/accusleep/labdata/data/Maiken-cleaned-data/Mie_323_1s_EEG_FP_323_LC_NE_As_2020-06-25_10-19-40-902/EEG*.mat
Mie_329_1s_EEG_FP_329_LC_NE_As_2020-06-24_12-10-50-528
/work3/laurose/accusleep/labdata/data/Maiken-cleaned-data/Mie_329_1s_EEG_FP_329_LC_NE_As_2020-06-24_12-10-50-528/EEG*.mat
Mie_331_1s_EEG_FP_331_LC_NE_As_2020-06-24_09-33-10-486
/work3/laurose/accusleep/labdata/data/Maiken-cleaned-data/Mie_331_1s_EEG_FP_331_LC_NE_As_2020-06-24_09-33-10-486/EEG*.mat
Tessa_1_20220228_007_EEG_EMG_take2_2022-02-28_14-45-39-008
/work3/laurose/accusleep/labdata/data/Maiken-cleaned-data/Tessa_1_20220228_007_EEG_EMG_take2_2022-02-28_14-45-39-008/EEG*.mat
Tessa_1_20220301_001_2022-03-01_09-32-35-944
/work3/laurose/accusleep/labdata/data/Maiken-cleaned-data/Tessa_1_20220301_001_2022-03-01_09-32-35-944/EEG*.mat
Tessa_1_20220301_001_box3_2022-03-01_14-31-51-637
/work3/laurose/accusleep/labdata/data/Maiken-cleaned-data/Tessa_1_20220301_001_box3_2022-03-01_14-31-51-637/EEG*.mat
Tessa_1_20220302_005_2022-03-02_09-17-13-108
/work3/laurose/accusleep/labdata/data/Maiken-cleaned-data/Tessa_1_20220302_005_2022-03-02_09-17-13-108/EEG*.mat
Tessa_1_20220706_5HT_007_2022-07-06_13-42-17-994
/work3/laurose/accusleep/labdata/data/Maiken-cleaned-data/Tessa_1_20220706_5HT_007_2022-07-06_13-42-17-994/EEG*.mat
Tessa_1_20220707_5HT_009_final_take_2022-07-08_13-13-29-852
/work3/laurose/accusleep/labdata/data/Maiken-cleaned-data/Tessa_1_20220707_5HT_009_final_take_2022-07-08_13-13-29-852/EEG*.mat
Tessa_1_20220712_His_019_2022-07-12_09-36-16-398
/work3/laurose/accusleep/labdata/data/Maiken-cleaned-data/Tessa_1_20220712_His_019_2022-07-12_09-36-16-398/EEG*.mat
Tessa_1_20220714_His_025_2022-07-14_13-08-20-709
/work3/laurose/accusleep/labdata/data/Maiken-cleaned-data/Tessa_1_20220714_His_025_2022-07-14_13-08-20-709/EEG*.mat
Tessa_2_20220704_5HT_001_2022-07-04_09-49-50-767
/work3/laurose/accusleep/labdata/data/Maiken-cleaned-data/Tessa_2_20220704_5HT_001_2022-07-04_09-49-50-767/EEG*.mat
Sebastian-cleaned-data/
(1)_ST1_2015-09-19_08-00-00-151
/work3/laurose/accusleep/labdata/data/Sebastian-cleaned-data/(1)_ST1_2015-09-19_08-00-00-151/EEG*.mat
(10)_NeuroMel1_2020-12-13_19-00-00-131
/work3/laurose/accusleep/labdata/data/Sebastian-cleaned-data/(10)_NeuroMel1_2020-12-13_19-00-00-131/EEG*.mat
(11)_NeuroMel13_2021-05-09_07-00-00-094
/work3/laurose/accusleep/labdata/data/Sebastian-cleaned-data/(11)_NeuroMel13_2021-05-09_07-00-00-094/EEG*.mat
(12)_NeuroMel13_2021-05-09_19-00-00-085
/work3/laurose/accusleep/labdata/data/Sebastian-cleaned-data/(12)_NeuroMel13_2021-05-09_19-00-00-085/EEG*.mat
(13)_NeuroMel14_2019-12-08_07-00-00-071
/work3/laurose/accusleep/labdata/data/Sebastian-cleaned-data/(13)_NeuroMel14_2019-12-08_07-00-00-071/EEG*.mat
(14)_NeuroMel14_2019-12-08_19-00-00-131
/work3/laurose/accusleep/labdata/data/Sebastian-cleaned-data/(14)_NeuroMel14_2019-12-08_19-00-00-131/EEG*.mat
(15)_NeuroMel14_2020-10-24_07-00-00-153
/work3/laurose/accusleep/labdata/data/Sebastian-cleaned-data/(15)_NeuroMel14_2020-10-24_07-00-00-153/EEG*.mat
(16)_NeuroMel14_2020-10-24_19-00-00-563
/work3/laurose/accusleep/labdata/data/Sebastian-cleaned-data/(16)_NeuroMel14_2020-10-24_19-00-00-563/EEG*.mat
(17)_NeuroMel14_2021-05-16_07-00-00-100
/work3/laurose/accusleep/labdata/data/Sebastian-cleaned-data/(17)_NeuroMel14_2021-05-16_07-00-00-100/EEG*.mat
(18)_NeuroMel14_2021-05-16_19-00-00-105
/work3/laurose/accusleep/labdata/data/Sebastian-cleaned-data/(18)_NeuroMel14_2021-05-16_19-00-00-105/EEG*.mat
(2)_ST1_2015-09-19_20-00-00-088
/work3/laurose/accusleep/labdata/data/Sebastian-cleaned-data/(2)_ST1_2015-09-19_20-00-00-088/EEG*.mat
(3)_ST4_2015-11-22_08-00-00-027
/work3/laurose/accusleep/labdata/data/Sebastian-cleaned-data/(3)_ST4_2015-11-22_08-00-00-027/EEG*.mat
(4)_ST4_2015-11-22_20-00-00-455
/work3/laurose/accusleep/labdata/data/Sebastian-cleaned-data/(4)_ST4_2015-11-22_20-00-00-455/EEG*.mat
(5)_ST13_2016-03-31_08-00-00-150
/work3/laurose/accusleep/labdata/data/Sebastian-cleaned-data/(5)_ST13_2016-03-31_08-00-00-150/EEG*.mat
(6)_ST13_2016-03-31_20-00-00-294
/work3/laurose/accusleep/labdata/data/Sebastian-cleaned-data/(6)_ST13_2016-03-31_20-00-00-294/EEG*.mat
(7)_NeuroMel1_2019-11-17_07-00-00-618
/work3/laurose/accusleep/labdata/data/Sebastian-cleaned-data/(7)_NeuroMel1_2019-11-17_07-00-00-618/EEG*.mat
(8)_NeuroMel1_2019-11-17_19-00-00-027
/work3/laurose/accusleep/labdata/data/Sebastian-cleaned-data/(8)_NeuroMel1_2019-11-17_19-00-00-027/EEG*.mat
(9)_NeuroMel1_2020-12-13_07-00-00-082
/work3/laurose/accusleep/labdata/data/Sebastian-cleaned-data/(9)_NeuroMel1_2020-12-13_07-00-00-082/EEG*.mat
length of filelist
Alessandro-cleaned-data/
W105 3
/work3/laurose/accusleep/labdata/data/Alessandro-cleaned-data/W105 3/EEG*.mat
W106 2
/work3/laurose/accusleep/labdata/data/Alessandro-cleaned-data/W106 2/EEG*.mat
W107 2
/work3/laurose/accusleep/labdata/data/Alessandro-cleaned-data/W107 2/EEG*.mat
W109 2
/work3/laurose/accusleep/labdata/data/Alessandro-cleaned-data/W109 2/EEG*.mat
W111 2
/work3/laurose/accusleep/labdata/data/Alessandro-cleaned-data/W111 2/EEG*.mat
W112 3
/work3/laurose/accusleep/labdata/data/Alessandro-cleaned-data/W112 3/EEG*.mat
W116 2
/work3/laurose/accusleep/labdata/data/Alessandro-cleaned-data/W116 2/EEG*.mat
W122 2
/work3/laurose/accusleep/labdata/data/Alessandro-cleaned-data/W122 2/EEG*.mat
W123 2
/work3/laurose/accusleep/labdata/data/Alessandro-cleaned-data/W123 2/EEG*.mat
W124 2
/work3/laurose/accusleep/labdata/data/Alessandro-cleaned-data/W124 2/EEG*.mat
Antoine-cleaned-data/
MB09_Dark
/work3/laurose/accusleep/labdata/data/Antoine-cleaned-data/MB09_Dark/EEG*.mat
MB09_Light
/work3/laurose/accusleep/labdata/data/Antoine-cleaned-data/MB09_Light/EEG*.mat
MB12_Dark
/work3/laurose/accusleep/labdata/data/Antoine-cleaned-data/MB12_Dark/EEG*.mat
MB12_Light
/work3/laurose/accusleep/labdata/data/Antoine-cleaned-data/MB12_Light/EEG*.mat
MB13_Dark
/work3/laurose/accusleep/labdata/data/Antoine-cleaned-data/MB13_Dark/EEG*.mat
MB13_Light
/work3/laurose/accusleep/labdata/data/Antoine-cleaned-data/MB13_Light/EEG*.mat
MB16_Dark
/work3/laurose/accusleep/labdata/data/Antoine-cleaned-data/MB16_Dark/EEG*.mat
MB16_Light
/work3/laurose/accusleep/labdata/data/Antoine-cleaned-data/MB16_Light/EEG*.mat
MB18_Dark
/work3/laurose/accusleep/labdata/data/Antoine-cleaned-data/MB18_Dark/EEG*.mat
MB18_Light
/work3/laurose/accusleep/labdata/data/Antoine-cleaned-data/MB18_Light/EEG*.mat
MB19_Dark
/work3/laurose/accusleep/labdata/data/Antoine-cleaned-data/MB19_Dark/EEG*.mat
MB19_Light
/work3/laurose/accusleep/labdata/data/Antoine-cleaned-data/MB19_Light/EEG*.mat
MB20_Dark
/work3/laurose/accusleep/labdata/data/Antoine-cleaned-data/MB20_Dark/EEG*.mat
MB20_Light
/work3/laurose/accusleep/labdata/data/Antoine-cleaned-data/MB20_Light/EEG*.mat
MB21_Dark
/work3/laurose/accusleep/labdata/data/Antoine-cleaned-data/MB21_Dark/EEG*.mat
MB21_Light
/work3/laurose/accusleep/labdata/data/Antoine-cleaned-data/MB21_Light/EEG*.mat
MB22_Dark
/work3/laurose/accusleep/labdata/data/Antoine-cleaned-data/MB22_Dark/EEG*.mat
MB22_Light
/work3/laurose/accusleep/labdata/data/Antoine-cleaned-data/MB22_Light/EEG*.mat
MB23_Dark
/work3/laurose/accusleep/labdata/data/Antoine-cleaned-data/MB23_Dark/EEG*.mat
MB23_Light
/work3/laurose/accusleep/labdata/data/Antoine-cleaned-data/MB23_Light/EEG*.mat
MB24_Dark
/work3/laurose/accusleep/labdata/data/Antoine-cleaned-data/MB24_Dark/EEG*.mat
MB24_Light
/work3/laurose/accusleep/labdata/data/Antoine-cleaned-data/MB24_Light/EEG*.mat
MB25_Dark
/work3/laurose/accusleep/labdata/data/Antoine-cleaned-data/MB25_Dark/EEG*.mat
MB25_Light
/work3/laurose/accusleep/labdata/data/Antoine-cleaned-data/MB25_Light/EEG*.mat
MB27_Dark
/work3/laurose/accusleep/labdata/data/Antoine-cleaned-data/MB27_Dark/EEG*.mat
MB27_Light
/work3/laurose/accusleep/labdata/data/Antoine-cleaned-data/MB27_Light/EEG*.mat
MB33_Dark
/work3/laurose/accusleep/labdata/data/Antoine-cleaned-data/MB33_Dark/EEG*.mat
MB33_Light
/work3/laurose/accusleep/labdata/data/Antoine-cleaned-data/MB33_Light/EEG*.mat
MB34_Dark
/work3/laurose/accusleep/labdata/data/Antoine-cleaned-data/MB34_Dark/EEG*.mat
MB34_Light
/work3/laurose/accusleep/labdata/data/Antoine-cleaned-data/MB34_Light/EEG*.mat
MB35_Dark
/work3/laurose/accusleep/labdata/data/Antoine-cleaned-data/MB35_Dark/EEG*.mat
MB35_Light
/work3/laurose/accusleep/labdata/data/Antoine-cleaned-data/MB35_Light/EEG*.mat
MB36_Dark
/work3/laurose/accusleep/labdata/data/Antoine-cleaned-data/MB36_Dark/EEG*.mat
MB36_Light
/work3/laurose/accusleep/labdata/data/Antoine-cleaned-data/MB36_Light/EEG*.mat
Maiken-cleaned-data/
Anastacia_1_NEGlu_2022-04-25_18-51-50-533
/work3/laurose/accusleep/labdata/data/Maiken-cleaned-data/Anastacia_1_NEGlu_2022-04-25_18-51-50-533/EEG*.mat
Anastacia_20220426_5_NEGlu_2022-04-26_18-41-43-758
/work3/laurose/accusleep/labdata/data/Maiken-cleaned-data/Anastacia_20220426_5_NEGlu_2022-04-26_18-41-43-758/EEG*.mat
Anastacia_20220428_15_NEGlu_2022-04-28_18-58-05-871
/work3/laurose/accusleep/labdata/data/Maiken-cleaned-data/Anastacia_20220428_15_NEGlu_2022-04-28_18-58-05-871/EEG*.mat
Anastacia_20220601_GABANE_3_2022-06-01_19-03-16-213
/work3/laurose/accusleep/labdata/data/Maiken-cleaned-data/Anastacia_20220601_GABANE_3_2022-06-01_19-03-16-213/EEG*.mat
Anastacia_20220602_NEGABA_7_2022-06-02_19-25-14-792
/work3/laurose/accusleep/labdata/data/Maiken-cleaned-data/Anastacia_20220602_NEGABA_7_2022-06-02_19-25-14-792/EEG*.mat
Anastacia_20220602_NEGABA_9_2022-06-02_19-25-14-792
/work3/laurose/accusleep/labdata/data/Maiken-cleaned-data/Anastacia_20220602_NEGABA_9_2022-06-02_19-25-14-792/EEG*.mat
Anastacia_3_NEGlu_2022-04-25_18-51-50-533
/work3/laurose/accusleep/labdata/data/Maiken-cleaned-data/Anastacia_3_NEGlu_2022-04-25_18-51-50-533/EEG*.mat
Frikke_1_NE1_baseline2_2022-01-12_14-25-48-744
/work3/laurose/accusleep/labdata/data/Maiken-cleaned-data/Frikke_1_NE1_baseline2_2022-01-12_14-25-48-744/EEG*.mat
Frikke_1_NE1_baseline2_2022-01-12_14-57-44-896
/work3/laurose/accusleep/labdata/data/Maiken-cleaned-data/Frikke_1_NE1_baseline2_2022-01-12_14-57-44-896/EEG*.mat
Frikke_1_NE2_baseline2_2022-01-12_17-58-52-546
/work3/laurose/accusleep/labdata/data/Maiken-cleaned-data/Frikke_1_NE2_baseline2_2022-01-12_17-58-52-546/EEG*.mat
Frikke_1_NE2_baseline2_2022-01-12_18-29-51-468
/work3/laurose/accusleep/labdata/data/Maiken-cleaned-data/Frikke_1_NE2_baseline2_2022-01-12_18-29-51-468/EEG*.mat
Frikke_1_NE4_baseline_2022-03-18_10-19-36-906
/work3/laurose/accusleep/labdata/data/Maiken-cleaned-data/Frikke_1_NE4_baseline_2022-03-18_10-19-36-906/EEG*.mat
Frikke_1_NE4_baseline_2022-03-18_11-05-23-001
/work3/laurose/accusleep/labdata/data/Maiken-cleaned-data/Frikke_1_NE4_baseline_2022-03-18_11-05-23-001/EEG*.mat
Frikke_1_NE4_baseline_2022-03-18_11-47-52-022
/work3/laurose/accusleep/labdata/data/Maiken-cleaned-data/Frikke_1_NE4_baseline_2022-03-18_11-47-52-022/EEG*.mat
Frikke_1_NE4_baseline_2022-03-18_12-34-25-861
/work3/laurose/accusleep/labdata/data/Maiken-cleaned-data/Frikke_1_NE4_baseline_2022-03-18_12-34-25-861/EEG*.mat
Frikke_1_NE5_baseline_2022-03-18_18-45-28-240
/work3/laurose/accusleep/labdata/data/Maiken-cleaned-data/Frikke_1_NE5_baseline_2022-03-18_18-45-28-240/EEG*.mat
Mie_237_1s_EEG_FP_237_2020-01-16_13-48-05-051
/work3/laurose/accusleep/labdata/data/Maiken-cleaned-data/Mie_237_1s_EEG_FP_237_2020-01-16_13-48-05-051/EEG*.mat
Mie_241_1s_241_tripleFP_2020-01-21_10-41-23-366
/work3/laurose/accusleep/labdata/data/Maiken-cleaned-data/Mie_241_1s_241_tripleFP_2020-01-21_10-41-23-366/EEG*.mat
Mie_243_1s_243_tripleFP_2020-01-23_09-26-17-292
/work3/laurose/accusleep/labdata/data/Maiken-cleaned-data/Mie_243_1s_243_tripleFP_2020-01-23_09-26-17-292/EEG*.mat
Mie_307_1s_EEG_FP_307_LC_NE_As_2020-06-26_10-50-30-759
/work3/laurose/accusleep/labdata/data/Maiken-cleaned-data/Mie_307_1s_EEG_FP_307_LC_NE_As_2020-06-26_10-50-30-759/EEG*.mat
Mie_319_1s_EEG_FP_319_LC_NE_As_2020-06-22_12-20-58-132
/work3/laurose/accusleep/labdata/data/Maiken-cleaned-data/Mie_319_1s_EEG_FP_319_LC_NE_As_2020-06-22_12-20-58-132/EEG*.mat
Mie_323_1s_EEG_FP_323_LC_NE_As_2020-06-25_10-19-40-902
/work3/laurose/accusleep/labdata/data/Maiken-cleaned-data/Mie_323_1s_EEG_FP_323_LC_NE_As_2020-06-25_10-19-40-902/EEG*.mat
Mie_329_1s_EEG_FP_329_LC_NE_As_2020-06-24_12-10-50-528
/work3/laurose/accusleep/labdata/data/Maiken-cleaned-data/Mie_329_1s_EEG_FP_329_LC_NE_As_2020-06-24_12-10-50-528/EEG*.mat
Mie_331_1s_EEG_FP_331_LC_NE_As_2020-06-24_09-33-10-486
/work3/laurose/accusleep/labdata/data/Maiken-cleaned-data/Mie_331_1s_EEG_FP_331_LC_NE_As_2020-06-24_09-33-10-486/EEG*.mat
Tessa_1_20220228_007_EEG_EMG_take2_2022-02-28_14-45-39-008
/work3/laurose/accusleep/labdata/data/Maiken-cleaned-data/Tessa_1_20220228_007_EEG_EMG_take2_2022-02-28_14-45-39-008/EEG*.mat
Tessa_1_20220301_001_2022-03-01_09-32-35-944
/work3/laurose/accusleep/labdata/data/Maiken-cleaned-data/Tessa_1_20220301_001_2022-03-01_09-32-35-944/EEG*.mat
Tessa_1_20220301_001_box3_2022-03-01_14-31-51-637
/work3/laurose/accusleep/labdata/data/Maiken-cleaned-data/Tessa_1_20220301_001_box3_2022-03-01_14-31-51-637/EEG*.mat
Tessa_1_20220302_005_2022-03-02_09-17-13-108
/work3/laurose/accusleep/labdata/data/Maiken-cleaned-data/Tessa_1_20220302_005_2022-03-02_09-17-13-108/EEG*.mat
Tessa_1_20220706_5HT_007_2022-07-06_13-42-17-994
/work3/laurose/accusleep/labdata/data/Maiken-cleaned-data/Tessa_1_20220706_5HT_007_2022-07-06_13-42-17-994/EEG*.mat
Tessa_1_20220707_5HT_009_final_take_2022-07-08_13-13-29-852
/work3/laurose/accusleep/labdata/data/Maiken-cleaned-data/Tessa_1_20220707_5HT_009_final_take_2022-07-08_13-13-29-852/EEG*.mat
Tessa_1_20220712_His_019_2022-07-12_09-36-16-398
/work3/laurose/accusleep/labdata/data/Maiken-cleaned-data/Tessa_1_20220712_His_019_2022-07-12_09-36-16-398/EEG*.mat
Tessa_1_20220714_His_025_2022-07-14_13-08-20-709
/work3/laurose/accusleep/labdata/data/Maiken-cleaned-data/Tessa_1_20220714_His_025_2022-07-14_13-08-20-709/EEG*.mat
Tessa_2_20220704_5HT_001_2022-07-04_09-49-50-767
/work3/laurose/accusleep/labdata/data/Maiken-cleaned-data/Tessa_2_20220704_5HT_001_2022-07-04_09-49-50-767/EEG*.mat
Sebastian-cleaned-data/
(1)_ST1_2015-09-19_08-00-00-151
/work3/laurose/accusleep/labdata/data/Sebastian-cleaned-data/(1)_ST1_2015-09-19_08-00-00-151/EEG*.mat
(10)_NeuroMel1_2020-12-13_19-00-00-131
/work3/laurose/accusleep/labdata/data/Sebastian-cleaned-data/(10)_NeuroMel1_2020-12-13_19-00-00-131/EEG*.mat
(11)_NeuroMel13_2021-05-09_07-00-00-094
/work3/laurose/accusleep/labdata/data/Sebastian-cleaned-data/(11)_NeuroMel13_2021-05-09_07-00-00-094/EEG*.mat
(12)_NeuroMel13_2021-05-09_19-00-00-085
/work3/laurose/accusleep/labdata/data/Sebastian-cleaned-data/(12)_NeuroMel13_2021-05-09_19-00-00-085/EEG*.mat
(13)_NeuroMel14_2019-12-08_07-00-00-071
/work3/laurose/accusleep/labdata/data/Sebastian-cleaned-data/(13)_NeuroMel14_2019-12-08_07-00-00-071/EEG*.mat
(14)_NeuroMel14_2019-12-08_19-00-00-131
/work3/laurose/accusleep/labdata/data/Sebastian-cleaned-data/(14)_NeuroMel14_2019-12-08_19-00-00-131/EEG*.mat
(15)_NeuroMel14_2020-10-24_07-00-00-153
/work3/laurose/accusleep/labdata/data/Sebastian-cleaned-data/(15)_NeuroMel14_2020-10-24_07-00-00-153/EEG*.mat
(16)_NeuroMel14_2020-10-24_19-00-00-563
/work3/laurose/accusleep/labdata/data/Sebastian-cleaned-data/(16)_NeuroMel14_2020-10-24_19-00-00-563/EEG*.mat
(17)_NeuroMel14_2021-05-16_07-00-00-100
/work3/laurose/accusleep/labdata/data/Sebastian-cleaned-data/(17)_NeuroMel14_2021-05-16_07-00-00-100/EEG*.mat
(18)_NeuroMel14_2021-05-16_19-00-00-105
/work3/laurose/accusleep/labdata/data/Sebastian-cleaned-data/(18)_NeuroMel14_2021-05-16_19-00-00-105/EEG*.mat
(2)_ST1_2015-09-19_20-00-00-088
/work3/laurose/accusleep/labdata/data/Sebastian-cleaned-data/(2)_ST1_2015-09-19_20-00-00-088/EEG*.mat
(3)_ST4_2015-11-22_08-00-00-027
/work3/laurose/accusleep/labdata/data/Sebastian-cleaned-data/(3)_ST4_2015-11-22_08-00-00-027/EEG*.mat
(4)_ST4_2015-11-22_20-00-00-455
/work3/laurose/accusleep/labdata/data/Sebastian-cleaned-data/(4)_ST4_2015-11-22_20-00-00-455/EEG*.mat
(5)_ST13_2016-03-31_08-00-00-150
/work3/laurose/accusleep/labdata/data/Sebastian-cleaned-data/(5)_ST13_2016-03-31_08-00-00-150/EEG*.mat
(6)_ST13_2016-03-31_20-00-00-294
/work3/laurose/accusleep/labdata/data/Sebastian-cleaned-data/(6)_ST13_2016-03-31_20-00-00-294/EEG*.mat
(7)_NeuroMel1_2019-11-17_07-00-00-618
/work3/laurose/accusleep/labdata/data/Sebastian-cleaned-data/(7)_NeuroMel1_2019-11-17_07-00-00-618/EEG*.mat
(8)_NeuroMel1_2019-11-17_19-00-00-027
/work3/laurose/accusleep/labdata/data/Sebastian-cleaned-data/(8)_NeuroMel1_2019-11-17_19-00-00-027/EEG*.mat
(9)_NeuroMel1_2020-12-13_07-00-00-082
/work3/laurose/accusleep/labdata/data/Sebastian-cleaned-data/(9)_NeuroMel1_2020-12-13_07-00-00-082/EEG*.mat
length of filelist
Alessandro-cleaned-data/
W105 3
/work3/laurose/accusleep/labdata/data/Alessandro-cleaned-data/W105 3/EEG*.mat
W106 2
/work3/laurose/accusleep/labdata/data/Alessandro-cleaned-data/W106 2/EEG*.mat
W107 2
/work3/laurose/accusleep/labdata/data/Alessandro-cleaned-data/W107 2/EEG*.mat
W109 2
/work3/laurose/accusleep/labdata/data/Alessandro-cleaned-data/W109 2/EEG*.mat
W111 2
/work3/laurose/accusleep/labdata/data/Alessandro-cleaned-data/W111 2/EEG*.mat
W112 3
/work3/laurose/accusleep/labdata/data/Alessandro-cleaned-data/W112 3/EEG*.mat
W116 2
/work3/laurose/accusleep/labdata/data/Alessandro-cleaned-data/W116 2/EEG*.mat
W122 2
/work3/laurose/accusleep/labdata/data/Alessandro-cleaned-data/W122 2/EEG*.mat
W123 2
/work3/laurose/accusleep/labdata/data/Alessandro-cleaned-data/W123 2/EEG*.mat
W124 2
/work3/laurose/accusleep/labdata/data/Alessandro-cleaned-data/W124 2/EEG*.mat
Antoine-cleaned-data/
MB09_Dark
/work3/laurose/accusleep/labdata/data/Antoine-cleaned-data/MB09_Dark/EEG*.mat
MB09_Light
/work3/laurose/accusleep/labdata/data/Antoine-cleaned-data/MB09_Light/EEG*.mat
MB12_Dark
/work3/laurose/accusleep/labdata/data/Antoine-cleaned-data/MB12_Dark/EEG*.mat
MB12_Light
/work3/laurose/accusleep/labdata/data/Antoine-cleaned-data/MB12_Light/EEG*.mat
MB13_Dark
/work3/laurose/accusleep/labdata/data/Antoine-cleaned-data/MB13_Dark/EEG*.mat
MB13_Light
/work3/laurose/accusleep/labdata/data/Antoine-cleaned-data/MB13_Light/EEG*.mat
MB16_Dark
/work3/laurose/accusleep/labdata/data/Antoine-cleaned-data/MB16_Dark/EEG*.mat
MB16_Light
/work3/laurose/accusleep/labdata/data/Antoine-cleaned-data/MB16_Light/EEG*.mat
MB18_Dark
/work3/laurose/accusleep/labdata/data/Antoine-cleaned-data/MB18_Dark/EEG*.mat
MB18_Light
/work3/laurose/accusleep/labdata/data/Antoine-cleaned-data/MB18_Light/EEG*.mat
MB19_Dark
/work3/laurose/accusleep/labdata/data/Antoine-cleaned-data/MB19_Dark/EEG*.mat
MB19_Light
/work3/laurose/accusleep/labdata/data/Antoine-cleaned-data/MB19_Light/EEG*.mat
MB20_Dark
/work3/laurose/accusleep/labdata/data/Antoine-cleaned-data/MB20_Dark/EEG*.mat
MB20_Light
/work3/laurose/accusleep/labdata/data/Antoine-cleaned-data/MB20_Light/EEG*.mat
MB21_Dark
/work3/laurose/accusleep/labdata/data/Antoine-cleaned-data/MB21_Dark/EEG*.mat
MB21_Light
/work3/laurose/accusleep/labdata/data/Antoine-cleaned-data/MB21_Light/EEG*.mat
MB22_Dark
/work3/laurose/accusleep/labdata/data/Antoine-cleaned-data/MB22_Dark/EEG*.mat
MB22_Light
/work3/laurose/accusleep/labdata/data/Antoine-cleaned-data/MB22_Light/EEG*.mat
MB23_Dark
/work3/laurose/accusleep/labdata/data/Antoine-cleaned-data/MB23_Dark/EEG*.mat
MB23_Light
/work3/laurose/accusleep/labdata/data/Antoine-cleaned-data/MB23_Light/EEG*.mat
MB24_Dark
/work3/laurose/accusleep/labdata/data/Antoine-cleaned-data/MB24_Dark/EEG*.mat
MB24_Light
/work3/laurose/accusleep/labdata/data/Antoine-cleaned-data/MB24_Light/EEG*.mat
MB25_Dark
/work3/laurose/accusleep/labdata/data/Antoine-cleaned-data/MB25_Dark/EEG*.mat
MB25_Light
/work3/laurose/accusleep/labdata/data/Antoine-cleaned-data/MB25_Light/EEG*.mat
MB27_Dark
/work3/laurose/accusleep/labdata/data/Antoine-cleaned-data/MB27_Dark/EEG*.mat
MB27_Light
/work3/laurose/accusleep/labdata/data/Antoine-cleaned-data/MB27_Light/EEG*.mat
MB33_Dark
/work3/laurose/accusleep/labdata/data/Antoine-cleaned-data/MB33_Dark/EEG*.mat
MB33_Light
/work3/laurose/accusleep/labdata/data/Antoine-cleaned-data/MB33_Light/EEG*.mat
MB34_Dark
/work3/laurose/accusleep/labdata/data/Antoine-cleaned-data/MB34_Dark/EEG*.mat
MB34_Light
/work3/laurose/accusleep/labdata/data/Antoine-cleaned-data/MB34_Light/EEG*.mat
MB35_Dark
/work3/laurose/accusleep/labdata/data/Antoine-cleaned-data/MB35_Dark/EEG*.mat
MB35_Light
/work3/laurose/accusleep/labdata/data/Antoine-cleaned-data/MB35_Light/EEG*.mat
MB36_Dark
/work3/laurose/accusleep/labdata/data/Antoine-cleaned-data/MB36_Dark/EEG*.mat
MB36_Light
/work3/laurose/accusleep/labdata/data/Antoine-cleaned-data/MB36_Light/EEG*.mat
Kornum-cleaned-data_v2/
M16-b2-Louise
/work3/laurose/accusleep/labdata/data/Kornum-cleaned-data_v2/M16-b2-Louise/EEG*.mat
M16-b3-Louise
/work3/laurose/accusleep/labdata/data/Kornum-cleaned-data_v2/M16-b3-Louise/EEG*.mat
M18-b2-Louise
/work3/laurose/accusleep/labdata/data/Kornum-cleaned-data_v2/M18-b2-Louise/EEG*.mat
M18-b3-Louise
/work3/laurose/accusleep/labdata/data/Kornum-cleaned-data_v2/M18-b3-Louise/EEG*.mat
M20-b3-Louise
/work3/laurose/accusleep/labdata/data/Kornum-cleaned-data_v2/M20-b3-Louise/EEG*.mat
M23-b1-ALEXANDRA
/work3/laurose/accusleep/labdata/data/Kornum-cleaned-data_v2/M23-b1-ALEXANDRA/EEG*.mat
M23-b2-ALEXANDRA
/work3/laurose/accusleep/labdata/data/Kornum-cleaned-data_v2/M23-b2-ALEXANDRA/EEG*.mat
M23-b3-ALEXANDRA
/work3/laurose/accusleep/labdata/data/Kornum-cleaned-data_v2/M23-b3-ALEXANDRA/EEG*.mat
M29-b1-ALEXANDRA
/work3/laurose/accusleep/labdata/data/Kornum-cleaned-data_v2/M29-b1-ALEXANDRA/EEG*.mat
M29-b2-ALEXANDRA
/work3/laurose/accusleep/labdata/data/Kornum-cleaned-data_v2/M29-b2-ALEXANDRA/EEG*.mat
M29-b3-ALEXANDRA
/work3/laurose/accusleep/labdata/data/Kornum-cleaned-data_v2/M29-b3-ALEXANDRA/EEG*.mat
M309-b1-Louise
/work3/laurose/accusleep/labdata/data/Kornum-cleaned-data_v2/M309-b1-Louise/EEG*.mat
M313-b1-Louise
/work3/laurose/accusleep/labdata/data/Kornum-cleaned-data_v2/M313-b1-Louise/EEG*.mat
M48-b1-ALEXANDRA
/work3/laurose/accusleep/labdata/data/Kornum-cleaned-data_v2/M48-b1-ALEXANDRA/EEG*.mat
M48-b2-ALEXANDRA
/work3/laurose/accusleep/labdata/data/Kornum-cleaned-data_v2/M48-b2-ALEXANDRA/EEG*.mat
M48-b3-ALEXANDRA
/work3/laurose/accusleep/labdata/data/Kornum-cleaned-data_v2/M48-b3-ALEXANDRA/EEG*.mat
M52-b1-ALEXANDRA
/work3/laurose/accusleep/labdata/data/Kornum-cleaned-data_v2/M52-b1-ALEXANDRA/EEG*.mat
M52-b2-ALEXANDRA
/work3/laurose/accusleep/labdata/data/Kornum-cleaned-data_v2/M52-b2-ALEXANDRA/EEG*.mat
M52-b3-ALEXANDRA
/work3/laurose/accusleep/labdata/data/Kornum-cleaned-data_v2/M52-b3-ALEXANDRA/EEG*.mat
M58-b1-ALEXANDRA
/work3/laurose/accusleep/labdata/data/Kornum-cleaned-data_v2/M58-b1-ALEXANDRA/EEG*.mat
M58-b2-ALEXANDRA
/work3/laurose/accusleep/labdata/data/Kornum-cleaned-data_v2/M58-b2-ALEXANDRA/EEG*.mat
M58-b3-ALEXANDRA
/work3/laurose/accusleep/labdata/data/Kornum-cleaned-data_v2/M58-b3-ALEXANDRA/EEG*.mat
m1-b1-CH
/work3/laurose/accusleep/labdata/data/Kornum-cleaned-data_v2/m1-b1-CH/EEG*.mat
m11-b1-CH
/work3/laurose/accusleep/labdata/data/Kornum-cleaned-data_v2/m11-b1-CH/EEG*.mat
m12-b1-CH
/work3/laurose/accusleep/labdata/data/Kornum-cleaned-data_v2/m12-b1-CH/EEG*.mat
m121-b1-Maria
/work3/laurose/accusleep/labdata/data/Kornum-cleaned-data_v2/m121-b1-Maria/EEG*.mat
m121-b2-Maria
/work3/laurose/accusleep/labdata/data/Kornum-cleaned-data_v2/m121-b2-Maria/EEG*.mat
m13-b1-CH
/work3/laurose/accusleep/labdata/data/Kornum-cleaned-data_v2/m13-b1-CH/EEG*.mat
m14-b1-CH
/work3/laurose/accusleep/labdata/data/Kornum-cleaned-data_v2/m14-b1-CH/EEG*.mat
m14-r3-CH
/work3/laurose/accusleep/labdata/data/Kornum-cleaned-data_v2/m14-r3-CH/EEG*.mat
m15-b1-CH
/work3/laurose/accusleep/labdata/data/Kornum-cleaned-data_v2/m15-b1-CH/EEG*.mat
m15-r3-CH
/work3/laurose/accusleep/labdata/data/Kornum-cleaned-data_v2/m15-r3-CH/EEG*.mat
m2-b1-CH
/work3/laurose/accusleep/labdata/data/Kornum-cleaned-data_v2/m2-b1-CH/EEG*.mat
m2-b1-Marieke
/work3/laurose/accusleep/labdata/data/Kornum-cleaned-data_v2/m2-b1-Marieke/EEG*.mat
m21-b1-Marieke
/work3/laurose/accusleep/labdata/data/Kornum-cleaned-data_v2/m21-b1-Marieke/EEG*.mat
m3-b1-CH
/work3/laurose/accusleep/labdata/data/Kornum-cleaned-data_v2/m3-b1-CH/EEG*.mat
m4-b1-CH
/work3/laurose/accusleep/labdata/data/Kornum-cleaned-data_v2/m4-b1-CH/EEG*.mat
m5-b1-CH
/work3/laurose/accusleep/labdata/data/Kornum-cleaned-data_v2/m5-b1-CH/EEG*.mat
m6-b1-CH
/work3/laurose/accusleep/labdata/data/Kornum-cleaned-data_v2/m6-b1-CH/EEG*.mat
m6-r3-CH
/work3/laurose/accusleep/labdata/data/Kornum-cleaned-data_v2/m6-r3-CH/EEG*.mat
m61-b1-Maria
/work3/laurose/accusleep/labdata/data/Kornum-cleaned-data_v2/m61-b1-Maria/EEG*.mat
m61-b2-Maria
/work3/laurose/accusleep/labdata/data/Kornum-cleaned-data_v2/m61-b2-Maria/EEG*.mat
m63-b1-Maria
/work3/laurose/accusleep/labdata/data/Kornum-cleaned-data_v2/m63-b1-Maria/EEG*.mat
m63-b2-Maria
/work3/laurose/accusleep/labdata/data/Kornum-cleaned-data_v2/m63-b2-Maria/EEG*.mat
m7-b1-CH
/work3/laurose/accusleep/labdata/data/Kornum-cleaned-data_v2/m7-b1-CH/EEG*.mat
m8-b1-CH
/work3/laurose/accusleep/labdata/data/Kornum-cleaned-data_v2/m8-b1-CH/EEG*.mat
m8-r3-CH
/work3/laurose/accusleep/labdata/data/Kornum-cleaned-data_v2/m8-r3-CH/EEG*.mat
m86-b1-Maria
/work3/laurose/accusleep/labdata/data/Kornum-cleaned-data_v2/m86-b1-Maria/EEG*.mat
m86-b2-Maria
/work3/laurose/accusleep/labdata/data/Kornum-cleaned-data_v2/m86-b2-Maria/EEG*.mat
m88-b1-Maria
/work3/laurose/accusleep/labdata/data/Kornum-cleaned-data_v2/m88-b1-Maria/EEG*.mat
m88-b2-Maria
/work3/laurose/accusleep/labdata/data/Kornum-cleaned-data_v2/m88-b2-Maria/EEG*.mat
m94-b1-Maria
/work3/laurose/accusleep/labdata/data/Kornum-cleaned-data_v2/m94-b1-Maria/EEG*.mat
m94-b2-Maria
/work3/laurose/accusleep/labdata/data/Kornum-cleaned-data_v2/m94-b2-Maria/EEG*.mat
m96-b1-Maria
/work3/laurose/accusleep/labdata/data/Kornum-cleaned-data_v2/m96-b1-Maria/EEG*.mat
m96-b2-Maria
/work3/laurose/accusleep/labdata/data/Kornum-cleaned-data_v2/m96-b2-Maria/EEG*.mat
Sebastian-cleaned-data/
(1)_ST1_2015-09-19_08-00-00-151
/work3/laurose/accusleep/labdata/data/Sebastian-cleaned-data/(1)_ST1_2015-09-19_08-00-00-151/EEG*.mat
(10)_NeuroMel1_2020-12-13_19-00-00-131
/work3/laurose/accusleep/labdata/data/Sebastian-cleaned-data/(10)_NeuroMel1_2020-12-13_19-00-00-131/EEG*.mat
(11)_NeuroMel13_2021-05-09_07-00-00-094
/work3/laurose/accusleep/labdata/data/Sebastian-cleaned-data/(11)_NeuroMel13_2021-05-09_07-00-00-094/EEG*.mat
(12)_NeuroMel13_2021-05-09_19-00-00-085
/work3/laurose/accusleep/labdata/data/Sebastian-cleaned-data/(12)_NeuroMel13_2021-05-09_19-00-00-085/EEG*.mat
(13)_NeuroMel14_2019-12-08_07-00-00-071
/work3/laurose/accusleep/labdata/data/Sebastian-cleaned-data/(13)_NeuroMel14_2019-12-08_07-00-00-071/EEG*.mat
(14)_NeuroMel14_2019-12-08_19-00-00-131
/work3/laurose/accusleep/labdata/data/Sebastian-cleaned-data/(14)_NeuroMel14_2019-12-08_19-00-00-131/EEG*.mat
(15)_NeuroMel14_2020-10-24_07-00-00-153
/work3/laurose/accusleep/labdata/data/Sebastian-cleaned-data/(15)_NeuroMel14_2020-10-24_07-00-00-153/EEG*.mat
(16)_NeuroMel14_2020-10-24_19-00-00-563
/work3/laurose/accusleep/labdata/data/Sebastian-cleaned-data/(16)_NeuroMel14_2020-10-24_19-00-00-563/EEG*.mat
(17)_NeuroMel14_2021-05-16_07-00-00-100
/work3/laurose/accusleep/labdata/data/Sebastian-cleaned-data/(17)_NeuroMel14_2021-05-16_07-00-00-100/EEG*.mat
(18)_NeuroMel14_2021-05-16_19-00-00-105
/work3/laurose/accusleep/labdata/data/Sebastian-cleaned-data/(18)_NeuroMel14_2021-05-16_19-00-00-105/EEG*.mat
(2)_ST1_2015-09-19_20-00-00-088
/work3/laurose/accusleep/labdata/data/Sebastian-cleaned-data/(2)_ST1_2015-09-19_20-00-00-088/EEG*.mat
(3)_ST4_2015-11-22_08-00-00-027
/work3/laurose/accusleep/labdata/data/Sebastian-cleaned-data/(3)_ST4_2015-11-22_08-00-00-027/EEG*.mat
(4)_ST4_2015-11-22_20-00-00-455
/work3/laurose/accusleep/labdata/data/Sebastian-cleaned-data/(4)_ST4_2015-11-22_20-00-00-455/EEG*.mat
(5)_ST13_2016-03-31_08-00-00-150
/work3/laurose/accusleep/labdata/data/Sebastian-cleaned-data/(5)_ST13_2016-03-31_08-00-00-150/EEG*.mat
(6)_ST13_2016-03-31_20-00-00-294
/work3/laurose/accusleep/labdata/data/Sebastian-cleaned-data/(6)_ST13_2016-03-31_20-00-00-294/EEG*.mat
(7)_NeuroMel1_2019-11-17_07-00-00-618
/work3/laurose/accusleep/labdata/data/Sebastian-cleaned-data/(7)_NeuroMel1_2019-11-17_07-00-00-618/EEG*.mat
(8)_NeuroMel1_2019-11-17_19-00-00-027
/work3/laurose/accusleep/labdata/data/Sebastian-cleaned-data/(8)_NeuroMel1_2019-11-17_19-00-00-027/EEG*.mat
(9)_NeuroMel1_2020-12-13_07-00-00-082
/work3/laurose/accusleep/labdata/data/Sebastian-cleaned-data/(9)_NeuroMel1_2020-12-13_07-00-00-082/EEG*.mat
length of filelist
Alessandro-cleaned-data/
W105 3
/work3/laurose/accusleep/labdata/data/Alessandro-cleaned-data/W105 3/EEG*.mat
W106 2
/work3/laurose/accusleep/labdata/data/Alessandro-cleaned-data/W106 2/EEG*.mat
W107 2
/work3/laurose/accusleep/labdata/data/Alessandro-cleaned-data/W107 2/EEG*.mat
W109 2
/work3/laurose/accusleep/labdata/data/Alessandro-cleaned-data/W109 2/EEG*.mat
W111 2
/work3/laurose/accusleep/labdata/data/Alessandro-cleaned-data/W111 2/EEG*.mat
W112 3
/work3/laurose/accusleep/labdata/data/Alessandro-cleaned-data/W112 3/EEG*.mat
W116 2
/work3/laurose/accusleep/labdata/data/Alessandro-cleaned-data/W116 2/EEG*.mat
W122 2
/work3/laurose/accusleep/labdata/data/Alessandro-cleaned-data/W122 2/EEG*.mat
W123 2
/work3/laurose/accusleep/labdata/data/Alessandro-cleaned-data/W123 2/EEG*.mat
W124 2
/work3/laurose/accusleep/labdata/data/Alessandro-cleaned-data/W124 2/EEG*.mat
Antoine-cleaned-data/
MB09_Dark
/work3/laurose/accusleep/labdata/data/Antoine-cleaned-data/MB09_Dark/EEG*.mat
MB09_Light
/work3/laurose/accusleep/labdata/data/Antoine-cleaned-data/MB09_Light/EEG*.mat
MB12_Dark
/work3/laurose/accusleep/labdata/data/Antoine-cleaned-data/MB12_Dark/EEG*.mat
MB12_Light
/work3/laurose/accusleep/labdata/data/Antoine-cleaned-data/MB12_Light/EEG*.mat
MB13_Dark
/work3/laurose/accusleep/labdata/data/Antoine-cleaned-data/MB13_Dark/EEG*.mat
MB13_Light
/work3/laurose/accusleep/labdata/data/Antoine-cleaned-data/MB13_Light/EEG*.mat
MB16_Dark
/work3/laurose/accusleep/labdata/data/Antoine-cleaned-data/MB16_Dark/EEG*.mat
MB16_Light
/work3/laurose/accusleep/labdata/data/Antoine-cleaned-data/MB16_Light/EEG*.mat
MB18_Dark
/work3/laurose/accusleep/labdata/data/Antoine-cleaned-data/MB18_Dark/EEG*.mat
MB18_Light
/work3/laurose/accusleep/labdata/data/Antoine-cleaned-data/MB18_Light/EEG*.mat
MB19_Dark
/work3/laurose/accusleep/labdata/data/Antoine-cleaned-data/MB19_Dark/EEG*.mat
MB19_Light
/work3/laurose/accusleep/labdata/data/Antoine-cleaned-data/MB19_Light/EEG*.mat
MB20_Dark
/work3/laurose/accusleep/labdata/data/Antoine-cleaned-data/MB20_Dark/EEG*.mat
MB20_Light
/work3/laurose/accusleep/labdata/data/Antoine-cleaned-data/MB20_Light/EEG*.mat
MB21_Dark
/work3/laurose/accusleep/labdata/data/Antoine-cleaned-data/MB21_Dark/EEG*.mat
MB21_Light
/work3/laurose/accusleep/labdata/data/Antoine-cleaned-data/MB21_Light/EEG*.mat
MB22_Dark
/work3/laurose/accusleep/labdata/data/Antoine-cleaned-data/MB22_Dark/EEG*.mat
MB22_Light
/work3/laurose/accusleep/labdata/data/Antoine-cleaned-data/MB22_Light/EEG*.mat
MB23_Dark
/work3/laurose/accusleep/labdata/data/Antoine-cleaned-data/MB23_Dark/EEG*.mat
MB23_Light
/work3/laurose/accusleep/labdata/data/Antoine-cleaned-data/MB23_Light/EEG*.mat
MB24_Dark
/work3/laurose/accusleep/labdata/data/Antoine-cleaned-data/MB24_Dark/EEG*.mat
MB24_Light
/work3/laurose/accusleep/labdata/data/Antoine-cleaned-data/MB24_Light/EEG*.mat
MB25_Dark
/work3/laurose/accusleep/labdata/data/Antoine-cleaned-data/MB25_Dark/EEG*.mat
MB25_Light
/work3/laurose/accusleep/labdata/data/Antoine-cleaned-data/MB25_Light/EEG*.mat
MB27_Dark
/work3/laurose/accusleep/labdata/data/Antoine-cleaned-data/MB27_Dark/EEG*.mat
MB27_Light
/work3/laurose/accusleep/labdata/data/Antoine-cleaned-data/MB27_Light/EEG*.mat
MB33_Dark
/work3/laurose/accusleep/labdata/data/Antoine-cleaned-data/MB33_Dark/EEG*.mat
MB33_Light
/work3/laurose/accusleep/labdata/data/Antoine-cleaned-data/MB33_Light/EEG*.mat
MB34_Dark
/work3/laurose/accusleep/labdata/data/Antoine-cleaned-data/MB34_Dark/EEG*.mat
MB34_Light
/work3/laurose/accusleep/labdata/data/Antoine-cleaned-data/MB34_Light/EEG*.mat
MB35_Dark
/work3/laurose/accusleep/labdata/data/Antoine-cleaned-data/MB35_Dark/EEG*.mat
MB35_Light
/work3/laurose/accusleep/labdata/data/Antoine-cleaned-data/MB35_Light/EEG*.mat
MB36_Dark
/work3/laurose/accusleep/labdata/data/Antoine-cleaned-data/MB36_Dark/EEG*.mat
MB36_Light
/work3/laurose/accusleep/labdata/data/Antoine-cleaned-data/MB36_Light/EEG*.mat
Kornum-cleaned-data_v2/
M16-b2-Louise
/work3/laurose/accusleep/labdata/data/Kornum-cleaned-data_v2/M16-b2-Louise/EEG*.mat
M16-b3-Louise
/work3/laurose/accusleep/labdata/data/Kornum-cleaned-data_v2/M16-b3-Louise/EEG*.mat
M18-b2-Louise
/work3/laurose/accusleep/labdata/data/Kornum-cleaned-data_v2/M18-b2-Louise/EEG*.mat
M18-b3-Louise
/work3/laurose/accusleep/labdata/data/Kornum-cleaned-data_v2/M18-b3-Louise/EEG*.mat
M20-b3-Louise
/work3/laurose/accusleep/labdata/data/Kornum-cleaned-data_v2/M20-b3-Louise/EEG*.mat
M23-b1-ALEXANDRA
/work3/laurose/accusleep/labdata/data/Kornum-cleaned-data_v2/M23-b1-ALEXANDRA/EEG*.mat
M23-b2-ALEXANDRA
/work3/laurose/accusleep/labdata/data/Kornum-cleaned-data_v2/M23-b2-ALEXANDRA/EEG*.mat
M23-b3-ALEXANDRA
/work3/laurose/accusleep/labdata/data/Kornum-cleaned-data_v2/M23-b3-ALEXANDRA/EEG*.mat
M29-b1-ALEXANDRA
/work3/laurose/accusleep/labdata/data/Kornum-cleaned-data_v2/M29-b1-ALEXANDRA/EEG*.mat
M29-b2-ALEXANDRA
/work3/laurose/accusleep/labdata/data/Kornum-cleaned-data_v2/M29-b2-ALEXANDRA/EEG*.mat
M29-b3-ALEXANDRA
/work3/laurose/accusleep/labdata/data/Kornum-cleaned-data_v2/M29-b3-ALEXANDRA/EEG*.mat
M309-b1-Louise
/work3/laurose/accusleep/labdata/data/Kornum-cleaned-data_v2/M309-b1-Louise/EEG*.mat
M313-b1-Louise
/work3/laurose/accusleep/labdata/data/Kornum-cleaned-data_v2/M313-b1-Louise/EEG*.mat
M48-b1-ALEXANDRA
/work3/laurose/accusleep/labdata/data/Kornum-cleaned-data_v2/M48-b1-ALEXANDRA/EEG*.mat
M48-b2-ALEXANDRA
/work3/laurose/accusleep/labdata/data/Kornum-cleaned-data_v2/M48-b2-ALEXANDRA/EEG*.mat
M48-b3-ALEXANDRA
/work3/laurose/accusleep/labdata/data/Kornum-cleaned-data_v2/M48-b3-ALEXANDRA/EEG*.mat
M52-b1-ALEXANDRA
/work3/laurose/accusleep/labdata/data/Kornum-cleaned-data_v2/M52-b1-ALEXANDRA/EEG*.mat
M52-b2-ALEXANDRA
/work3/laurose/accusleep/labdata/data/Kornum-cleaned-data_v2/M52-b2-ALEXANDRA/EEG*.mat
M52-b3-ALEXANDRA
/work3/laurose/accusleep/labdata/data/Kornum-cleaned-data_v2/M52-b3-ALEXANDRA/EEG*.mat
M58-b1-ALEXANDRA
/work3/laurose/accusleep/labdata/data/Kornum-cleaned-data_v2/M58-b1-ALEXANDRA/EEG*.mat
M58-b2-ALEXANDRA
/work3/laurose/accusleep/labdata/data/Kornum-cleaned-data_v2/M58-b2-ALEXANDRA/EEG*.mat
M58-b3-ALEXANDRA
/work3/laurose/accusleep/labdata/data/Kornum-cleaned-data_v2/M58-b3-ALEXANDRA/EEG*.mat
m1-b1-CH
/work3/laurose/accusleep/labdata/data/Kornum-cleaned-data_v2/m1-b1-CH/EEG*.mat
m11-b1-CH
/work3/laurose/accusleep/labdata/data/Kornum-cleaned-data_v2/m11-b1-CH/EEG*.mat
m12-b1-CH
/work3/laurose/accusleep/labdata/data/Kornum-cleaned-data_v2/m12-b1-CH/EEG*.mat
m121-b1-Maria
/work3/laurose/accusleep/labdata/data/Kornum-cleaned-data_v2/m121-b1-Maria/EEG*.mat
m121-b2-Maria
/work3/laurose/accusleep/labdata/data/Kornum-cleaned-data_v2/m121-b2-Maria/EEG*.mat
m13-b1-CH
/work3/laurose/accusleep/labdata/data/Kornum-cleaned-data_v2/m13-b1-CH/EEG*.mat
m14-b1-CH
/work3/laurose/accusleep/labdata/data/Kornum-cleaned-data_v2/m14-b1-CH/EEG*.mat
m14-r3-CH
/work3/laurose/accusleep/labdata/data/Kornum-cleaned-data_v2/m14-r3-CH/EEG*.mat
m15-b1-CH
/work3/laurose/accusleep/labdata/data/Kornum-cleaned-data_v2/m15-b1-CH/EEG*.mat
m15-r3-CH
/work3/laurose/accusleep/labdata/data/Kornum-cleaned-data_v2/m15-r3-CH/EEG*.mat
m2-b1-CH
/work3/laurose/accusleep/labdata/data/Kornum-cleaned-data_v2/m2-b1-CH/EEG*.mat
m2-b1-Marieke
/work3/laurose/accusleep/labdata/data/Kornum-cleaned-data_v2/m2-b1-Marieke/EEG*.mat
m21-b1-Marieke
/work3/laurose/accusleep/labdata/data/Kornum-cleaned-data_v2/m21-b1-Marieke/EEG*.mat
m3-b1-CH
/work3/laurose/accusleep/labdata/data/Kornum-cleaned-data_v2/m3-b1-CH/EEG*.mat
m4-b1-CH
/work3/laurose/accusleep/labdata/data/Kornum-cleaned-data_v2/m4-b1-CH/EEG*.mat
m5-b1-CH
/work3/laurose/accusleep/labdata/data/Kornum-cleaned-data_v2/m5-b1-CH/EEG*.mat
m6-b1-CH
/work3/laurose/accusleep/labdata/data/Kornum-cleaned-data_v2/m6-b1-CH/EEG*.mat
m6-r3-CH
/work3/laurose/accusleep/labdata/data/Kornum-cleaned-data_v2/m6-r3-CH/EEG*.mat
m61-b1-Maria
/work3/laurose/accusleep/labdata/data/Kornum-cleaned-data_v2/m61-b1-Maria/EEG*.mat
m61-b2-Maria
/work3/laurose/accusleep/labdata/data/Kornum-cleaned-data_v2/m61-b2-Maria/EEG*.mat
m63-b1-Maria
/work3/laurose/accusleep/labdata/data/Kornum-cleaned-data_v2/m63-b1-Maria/EEG*.mat
m63-b2-Maria
/work3/laurose/accusleep/labdata/data/Kornum-cleaned-data_v2/m63-b2-Maria/EEG*.mat
m7-b1-CH
/work3/laurose/accusleep/labdata/data/Kornum-cleaned-data_v2/m7-b1-CH/EEG*.mat
m8-b1-CH
/work3/laurose/accusleep/labdata/data/Kornum-cleaned-data_v2/m8-b1-CH/EEG*.mat
m8-r3-CH
/work3/laurose/accusleep/labdata/data/Kornum-cleaned-data_v2/m8-r3-CH/EEG*.mat
m86-b1-Maria
/work3/laurose/accusleep/labdata/data/Kornum-cleaned-data_v2/m86-b1-Maria/EEG*.mat
m86-b2-Maria
/work3/laurose/accusleep/labdata/data/Kornum-cleaned-data_v2/m86-b2-Maria/EEG*.mat
m88-b1-Maria
/work3/laurose/accusleep/labdata/data/Kornum-cleaned-data_v2/m88-b1-Maria/EEG*.mat
m88-b2-Maria
/work3/laurose/accusleep/labdata/data/Kornum-cleaned-data_v2/m88-b2-Maria/EEG*.mat
m94-b1-Maria
/work3/laurose/accusleep/labdata/data/Kornum-cleaned-data_v2/m94-b1-Maria/EEG*.mat
m94-b2-Maria
/work3/laurose/accusleep/labdata/data/Kornum-cleaned-data_v2/m94-b2-Maria/EEG*.mat
m96-b1-Maria
/work3/laurose/accusleep/labdata/data/Kornum-cleaned-data_v2/m96-b1-Maria/EEG*.mat
m96-b2-Maria
/work3/laurose/accusleep/labdata/data/Kornum-cleaned-data_v2/m96-b2-Maria/EEG*.mat
Maiken-cleaned-data/
Anastacia_1_NEGlu_2022-04-25_18-51-50-533
/work3/laurose/accusleep/labdata/data/Maiken-cleaned-data/Anastacia_1_NEGlu_2022-04-25_18-51-50-533/EEG*.mat
Anastacia_20220426_5_NEGlu_2022-04-26_18-41-43-758
/work3/laurose/accusleep/labdata/data/Maiken-cleaned-data/Anastacia_20220426_5_NEGlu_2022-04-26_18-41-43-758/EEG*.mat
Anastacia_20220428_15_NEGlu_2022-04-28_18-58-05-871
/work3/laurose/accusleep/labdata/data/Maiken-cleaned-data/Anastacia_20220428_15_NEGlu_2022-04-28_18-58-05-871/EEG*.mat
Anastacia_20220601_GABANE_3_2022-06-01_19-03-16-213
/work3/laurose/accusleep/labdata/data/Maiken-cleaned-data/Anastacia_20220601_GABANE_3_2022-06-01_19-03-16-213/EEG*.mat
Anastacia_20220602_NEGABA_7_2022-06-02_19-25-14-792
/work3/laurose/accusleep/labdata/data/Maiken-cleaned-data/Anastacia_20220602_NEGABA_7_2022-06-02_19-25-14-792/EEG*.mat
Anastacia_20220602_NEGABA_9_2022-06-02_19-25-14-792
/work3/laurose/accusleep/labdata/data/Maiken-cleaned-data/Anastacia_20220602_NEGABA_9_2022-06-02_19-25-14-792/EEG*.mat
Anastacia_3_NEGlu_2022-04-25_18-51-50-533
/work3/laurose/accusleep/labdata/data/Maiken-cleaned-data/Anastacia_3_NEGlu_2022-04-25_18-51-50-533/EEG*.mat
Frikke_1_NE1_baseline2_2022-01-12_14-25-48-744
/work3/laurose/accusleep/labdata/data/Maiken-cleaned-data/Frikke_1_NE1_baseline2_2022-01-12_14-25-48-744/EEG*.mat
Frikke_1_NE1_baseline2_2022-01-12_14-57-44-896
/work3/laurose/accusleep/labdata/data/Maiken-cleaned-data/Frikke_1_NE1_baseline2_2022-01-12_14-57-44-896/EEG*.mat
Frikke_1_NE2_baseline2_2022-01-12_17-58-52-546
/work3/laurose/accusleep/labdata/data/Maiken-cleaned-data/Frikke_1_NE2_baseline2_2022-01-12_17-58-52-546/EEG*.mat
Frikke_1_NE2_baseline2_2022-01-12_18-29-51-468
/work3/laurose/accusleep/labdata/data/Maiken-cleaned-data/Frikke_1_NE2_baseline2_2022-01-12_18-29-51-468/EEG*.mat
Frikke_1_NE4_baseline_2022-03-18_10-19-36-906
/work3/laurose/accusleep/labdata/data/Maiken-cleaned-data/Frikke_1_NE4_baseline_2022-03-18_10-19-36-906/EEG*.mat
Frikke_1_NE4_baseline_2022-03-18_11-05-23-001
/work3/laurose/accusleep/labdata/data/Maiken-cleaned-data/Frikke_1_NE4_baseline_2022-03-18_11-05-23-001/EEG*.mat
Frikke_1_NE4_baseline_2022-03-18_11-47-52-022
/work3/laurose/accusleep/labdata/data/Maiken-cleaned-data/Frikke_1_NE4_baseline_2022-03-18_11-47-52-022/EEG*.mat
Frikke_1_NE4_baseline_2022-03-18_12-34-25-861
/work3/laurose/accusleep/labdata/data/Maiken-cleaned-data/Frikke_1_NE4_baseline_2022-03-18_12-34-25-861/EEG*.mat
Frikke_1_NE5_baseline_2022-03-18_18-45-28-240
/work3/laurose/accusleep/labdata/data/Maiken-cleaned-data/Frikke_1_NE5_baseline_2022-03-18_18-45-28-240/EEG*.mat
Mie_237_1s_EEG_FP_237_2020-01-16_13-48-05-051
/work3/laurose/accusleep/labdata/data/Maiken-cleaned-data/Mie_237_1s_EEG_FP_237_2020-01-16_13-48-05-051/EEG*.mat
Mie_241_1s_241_tripleFP_2020-01-21_10-41-23-366
/work3/laurose/accusleep/labdata/data/Maiken-cleaned-data/Mie_241_1s_241_tripleFP_2020-01-21_10-41-23-366/EEG*.mat
Mie_243_1s_243_tripleFP_2020-01-23_09-26-17-292
/work3/laurose/accusleep/labdata/data/Maiken-cleaned-data/Mie_243_1s_243_tripleFP_2020-01-23_09-26-17-292/EEG*.mat
Mie_307_1s_EEG_FP_307_LC_NE_As_2020-06-26_10-50-30-759
/work3/laurose/accusleep/labdata/data/Maiken-cleaned-data/Mie_307_1s_EEG_FP_307_LC_NE_As_2020-06-26_10-50-30-759/EEG*.mat
Mie_319_1s_EEG_FP_319_LC_NE_As_2020-06-22_12-20-58-132
/work3/laurose/accusleep/labdata/data/Maiken-cleaned-data/Mie_319_1s_EEG_FP_319_LC_NE_As_2020-06-22_12-20-58-132/EEG*.mat
Mie_323_1s_EEG_FP_323_LC_NE_As_2020-06-25_10-19-40-902
/work3/laurose/accusleep/labdata/data/Maiken-cleaned-data/Mie_323_1s_EEG_FP_323_LC_NE_As_2020-06-25_10-19-40-902/EEG*.mat
Mie_329_1s_EEG_FP_329_LC_NE_As_2020-06-24_12-10-50-528
/work3/laurose/accusleep/labdata/data/Maiken-cleaned-data/Mie_329_1s_EEG_FP_329_LC_NE_As_2020-06-24_12-10-50-528/EEG*.mat
Mie_331_1s_EEG_FP_331_LC_NE_As_2020-06-24_09-33-10-486
/work3/laurose/accusleep/labdata/data/Maiken-cleaned-data/Mie_331_1s_EEG_FP_331_LC_NE_As_2020-06-24_09-33-10-486/EEG*.mat
Tessa_1_20220228_007_EEG_EMG_take2_2022-02-28_14-45-39-008
/work3/laurose/accusleep/labdata/data/Maiken-cleaned-data/Tessa_1_20220228_007_EEG_EMG_take2_2022-02-28_14-45-39-008/EEG*.mat
Tessa_1_20220301_001_2022-03-01_09-32-35-944
/work3/laurose/accusleep/labdata/data/Maiken-cleaned-data/Tessa_1_20220301_001_2022-03-01_09-32-35-944/EEG*.mat
Tessa_1_20220301_001_box3_2022-03-01_14-31-51-637
/work3/laurose/accusleep/labdata/data/Maiken-cleaned-data/Tessa_1_20220301_001_box3_2022-03-01_14-31-51-637/EEG*.mat
Tessa_1_20220302_005_2022-03-02_09-17-13-108
/work3/laurose/accusleep/labdata/data/Maiken-cleaned-data/Tessa_1_20220302_005_2022-03-02_09-17-13-108/EEG*.mat
Tessa_1_20220706_5HT_007_2022-07-06_13-42-17-994
/work3/laurose/accusleep/labdata/data/Maiken-cleaned-data/Tessa_1_20220706_5HT_007_2022-07-06_13-42-17-994/EEG*.mat
Tessa_1_20220707_5HT_009_final_take_2022-07-08_13-13-29-852
/work3/laurose/accusleep/labdata/data/Maiken-cleaned-data/Tessa_1_20220707_5HT_009_final_take_2022-07-08_13-13-29-852/EEG*.mat
Tessa_1_20220712_His_019_2022-07-12_09-36-16-398
/work3/laurose/accusleep/labdata/data/Maiken-cleaned-data/Tessa_1_20220712_His_019_2022-07-12_09-36-16-398/EEG*.mat
Tessa_1_20220714_His_025_2022-07-14_13-08-20-709
/work3/laurose/accusleep/labdata/data/Maiken-cleaned-data/Tessa_1_20220714_His_025_2022-07-14_13-08-20-709/EEG*.mat
Tessa_2_20220704_5HT_001_2022-07-04_09-49-50-767
/work3/laurose/accusleep/labdata/data/Maiken-cleaned-data/Tessa_2_20220704_5HT_001_2022-07-04_09-49-50-767/EEG*.mat
>> >> 