/zhome/dd/4/109414/.lsbatch/1701169491.19587901.shell: line 2: clc: command not found
TERM environment variable not set.
/zhome/dd/4/109414/.lsbatch/1701169491.19587901.shell: line 4: syntax error near unexpected token `genpath'
/zhome/dd/4/109414/.lsbatch/1701169491.19587901.shell: line 4: `addpath(genpath("/zhome/dd/4/109414/Validationstudy/accusleep/"))'

------------------------------------------------------------
Sender: LSF System <lsfadmin@hpc.dtu.dk>
Subject: Job 19587901: <NONAME> in cluster <dcc> Exited

Job <NONAME> was submitted from host <hpclogin1> by user <laurose> in cluster <dcc> at Tue Nov 28 12:04:51 2023
Job was executed on host(s) <n-62-31-1>, in queue <hpc>, as user <laurose> in cluster <dcc> at Tue Nov 28 12:04:51 2023
</zhome/dd/4/109414> was used as the home directory.
</zhome/dd/4/109414/Validationstudy/accusleep/labdata/train> was used as the working directory.
Started at Tue Nov 28 12:04:51 2023
Terminated at Tue Nov 28 12:04:53 2023
Results reported at Tue Nov 28 12:04:53 2023

Your job looked like:

------------------------------------------------------------
# LSBATCH: User input

clc; 
clear all; 
addpath(genpath("/zhome/dd/4/109414/Validationstudy/accusleep/"))

SR       = 128;
epochLen = 4;
epochs   = 13;

I_base    = "/zhome/dd/4/109414/Validationstudy/accusleep/labdata/train/filelist/";
fileLists = ["fileList_Alessandro.mat","fileList_Antoine.mat","fileList_Kornum.mat",...
            "fileList_Maiken.mat","fileList_Sebastian.mat"]; 
outdir    = "/zhome/dd/4/109414/Validationstudy/accusleep/labdata/train/";
m_names   = ["trained_NeuralNetwork_Alessandro.mat","trained_NeuralNetwork_Antoine.mat",...
             "trained_NeuralNetwork_Kornum.mat","trained_NeuralNetwork_Maiken.mat",...
             "trained_NeuralNetwork_Sebastian.mat"] ;
imageLocation_sf ={'Alessandro','Antoine','Kornum','Maiken','Sebastian'};

for j = 1:5
    load(strcat(I_base,fileLists(j)))
    disp(strcat(I_base,fileLists(j)))
    imageLocation = strcat('/zhome/dd/4/109414/Validationstudy/accusleep/labdata/train/prep_data/',imageLocation_sf{j});
    [net] = AccuSleep_train_v2(fileList, SR, epochLen, epochs, imageLocation);
    save(strcat(outdir,m_names(j)), 'net');

end

------------------------------------------------------------

Exited with exit code 2.

Resource usage summary:

    CPU time :                                   0.33 sec.
    Max Memory :                                 -
    Average Memory :                             -
    Total Requested Memory :                     1024.00 MB
    Delta Memory :                               -
    Max Swap :                                   -
    Max Processes :                              -
    Max Threads :                                -
    Run time :                                   1 sec.
    Turnaround time :                            2 sec.

The output (if any) is above this job summary.

